{"/Users/andeladeveloper/Documents/Node_Project/PostIt/server/test/groupControllerTest.js":{"path":"/Users/andeladeveloper/Documents/Node_Project/PostIt/server/test/groupControllerTest.js","statementMap":{"0":{"start":{"line":3,"column":17},"end":{"line":3,"column":37}},"1":{"start":{"line":5,"column":18},"end":{"line":5,"column":52}},"2":{"start":{"line":7,"column":12},"end":{"line":7,"column":27}},"3":{"start":{"line":9,"column":13},"end":{"line":9,"column":42}},"4":{"start":{"line":11,"column":16},"end":{"line":11,"column":36}},"5":{"start":{"line":13,"column":17},"end":{"line":13,"column":50}},"6":{"start":{"line":15,"column":14},"end":{"line":15,"column":34}},"7":{"start":{"line":17,"column":11},"end":{"line":17,"column":28}},"8":{"start":{"line":19,"column":12},"end":{"line":19,"column":40}},"9":{"start":{"line":21,"column":39},"end":{"line":21,"column":93}},"10":{"start":{"line":24,"column":0},"end":{"line":24,"column":30}},"11":{"start":{"line":27,"column":13},"end":{"line":27,"column":53}},"12":{"start":{"line":28,"column":13},"end":{"line":28,"column":36}},"13":{"start":{"line":30,"column":0},"end":{"line":30,"column":39}},"14":{"start":{"line":32,"column":0},"end":{"line":125,"column":3}},"15":{"start":{"line":33,"column":14},"end":{"line":33,"column":16}},"16":{"start":{"line":34,"column":2},"end":{"line":47,"column":5}},"17":{"start":{"line":36,"column":4},"end":{"line":40,"column":7}},"18":{"start":{"line":39,"column":6},"end":{"line":39,"column":29}},"19":{"start":{"line":41,"column":4},"end":{"line":46,"column":7}},"20":{"start":{"line":42,"column":6},"end":{"line":42,"column":47}},"21":{"start":{"line":43,"column":6},"end":{"line":43,"column":13}},"22":{"start":{"line":45,"column":6},"end":{"line":45,"column":18}},"23":{"start":{"line":49,"column":2},"end":{"line":124,"column":5}},"24":{"start":{"line":51,"column":4},"end":{"line":123,"column":7}},"25":{"start":{"line":52,"column":6},"end":{"line":64,"column":9}},"26":{"start":{"line":53,"column":8},"end":{"line":63,"column":11}},"27":{"start":{"line":58,"column":10},"end":{"line":58,"column":38}},"28":{"start":{"line":59,"column":10},"end":{"line":59,"column":41}},"29":{"start":{"line":60,"column":10},"end":{"line":60,"column":91}},"30":{"start":{"line":61,"column":10},"end":{"line":61,"column":61}},"31":{"start":{"line":62,"column":10},"end":{"line":62,"column":17}},"32":{"start":{"line":67,"column":6},"end":{"line":76,"column":9}},"33":{"start":{"line":68,"column":8},"end":{"line":75,"column":11}},"34":{"start":{"line":72,"column":10},"end":{"line":72,"column":38}},"35":{"start":{"line":73,"column":10},"end":{"line":73,"column":41}},"36":{"start":{"line":74,"column":10},"end":{"line":74,"column":17}},"37":{"start":{"line":78,"column":6},"end":{"line":91,"column":9}},"38":{"start":{"line":79,"column":8},"end":{"line":90,"column":11}},"39":{"start":{"line":84,"column":10},"end":{"line":84,"column":38}},"40":{"start":{"line":85,"column":10},"end":{"line":85,"column":41}},"41":{"start":{"line":86,"column":10},"end":{"line":86,"column":85}},"42":{"start":{"line":87,"column":10},"end":{"line":87,"column":79}},"43":{"start":{"line":88,"column":10},"end":{"line":88,"column":62}},"44":{"start":{"line":89,"column":10},"end":{"line":89,"column":17}},"45":{"start":{"line":93,"column":6},"end":{"line":102,"column":9}},"46":{"start":{"line":94,"column":8},"end":{"line":101,"column":11}},"47":{"start":{"line":98,"column":10},"end":{"line":98,"column":38}},"48":{"start":{"line":99,"column":10},"end":{"line":99,"column":40}},"49":{"start":{"line":100,"column":10},"end":{"line":100,"column":17}},"50":{"start":{"line":104,"column":6},"end":{"line":111,"column":9}},"51":{"start":{"line":105,"column":22},"end":{"line":105,"column":25}},"52":{"start":{"line":106,"column":8},"end":{"line":110,"column":11}},"53":{"start":{"line":107,"column":10},"end":{"line":107,"column":38}},"54":{"start":{"line":108,"column":10},"end":{"line":108,"column":40}},"55":{"start":{"line":109,"column":10},"end":{"line":109,"column":17}},"56":{"start":{"line":114,"column":6},"end":{"line":122,"column":9}},"57":{"start":{"line":115,"column":8},"end":{"line":121,"column":11}},"58":{"start":{"line":119,"column":10},"end":{"line":119,"column":38}},"59":{"start":{"line":120,"column":10},"end":{"line":120,"column":17}}},"fnMap":{"0":{"name":"_interopRequireDefault","decl":{"start":{"line":21,"column":9},"end":{"line":21,"column":31}},"loc":{"start":{"line":21,"column":37},"end":{"line":21,"column":95}},"line":21},"1":{"name":"(anonymous_1)","decl":{"start":{"line":32,"column":19},"end":{"line":32,"column":20}},"loc":{"start":{"line":32,"column":31},"end":{"line":125,"column":1}},"line":32},"2":{"name":"(anonymous_2)","decl":{"start":{"line":34,"column":9},"end":{"line":34,"column":10}},"loc":{"start":{"line":34,"column":25},"end":{"line":47,"column":3}},"line":34},"3":{"name":"(anonymous_3)","decl":{"start":{"line":38,"column":30},"end":{"line":38,"column":31}},"loc":{"start":{"line":38,"column":50},"end":{"line":40,"column":5}},"line":38},"4":{"name":"(anonymous_4)","decl":{"start":{"line":41,"column":46},"end":{"line":41,"column":47}},"loc":{"start":{"line":41,"column":58},"end":{"line":44,"column":5}},"line":41},"5":{"name":"(anonymous_5)","decl":{"start":{"line":44,"column":13},"end":{"line":44,"column":14}},"loc":{"start":{"line":44,"column":30},"end":{"line":46,"column":5}},"line":44},"6":{"name":"(anonymous_6)","decl":{"start":{"line":49,"column":32},"end":{"line":49,"column":33}},"loc":{"start":{"line":49,"column":44},"end":{"line":124,"column":3}},"line":49},"7":{"name":"(anonymous_7)","decl":{"start":{"line":51,"column":29},"end":{"line":51,"column":30}},"loc":{"start":{"line":51,"column":41},"end":{"line":123,"column":5}},"line":51},"8":{"name":"(anonymous_8)","decl":{"start":{"line":52,"column":72},"end":{"line":52,"column":73}},"loc":{"start":{"line":52,"column":88},"end":{"line":64,"column":7}},"line":52},"9":{"name":"(anonymous_9)","decl":{"start":{"line":57,"column":15},"end":{"line":57,"column":16}},"loc":{"start":{"line":57,"column":35},"end":{"line":63,"column":9}},"line":57},"10":{"name":"(anonymous_10)","decl":{"start":{"line":67,"column":133},"end":{"line":67,"column":134}},"loc":{"start":{"line":67,"column":149},"end":{"line":76,"column":7}},"line":67},"11":{"name":"(anonymous_11)","decl":{"start":{"line":71,"column":15},"end":{"line":71,"column":16}},"loc":{"start":{"line":71,"column":35},"end":{"line":75,"column":9}},"line":71},"12":{"name":"(anonymous_12)","decl":{"start":{"line":78,"column":98},"end":{"line":78,"column":99}},"loc":{"start":{"line":78,"column":114},"end":{"line":91,"column":7}},"line":78},"13":{"name":"(anonymous_13)","decl":{"start":{"line":83,"column":15},"end":{"line":83,"column":16}},"loc":{"start":{"line":83,"column":35},"end":{"line":90,"column":9}},"line":83},"14":{"name":"(anonymous_14)","decl":{"start":{"line":93,"column":110},"end":{"line":93,"column":111}},"loc":{"start":{"line":93,"column":126},"end":{"line":102,"column":7}},"line":93},"15":{"name":"(anonymous_15)","decl":{"start":{"line":97,"column":15},"end":{"line":97,"column":16}},"loc":{"start":{"line":97,"column":35},"end":{"line":101,"column":9}},"line":97},"16":{"name":"(anonymous_16)","decl":{"start":{"line":104,"column":102},"end":{"line":104,"column":103}},"loc":{"start":{"line":104,"column":118},"end":{"line":111,"column":7}},"line":104},"17":{"name":"(anonymous_17)","decl":{"start":{"line":106,"column":81},"end":{"line":106,"column":82}},"loc":{"start":{"line":106,"column":101},"end":{"line":110,"column":9}},"line":106},"18":{"name":"(anonymous_18)","decl":{"start":{"line":114,"column":132},"end":{"line":114,"column":133}},"loc":{"start":{"line":114,"column":148},"end":{"line":122,"column":7}},"line":114},"19":{"name":"(anonymous_19)","decl":{"start":{"line":118,"column":15},"end":{"line":118,"column":16}},"loc":{"start":{"line":118,"column":35},"end":{"line":121,"column":9}},"line":118}},"branchMap":{"0":{"loc":{"start":{"line":21,"column":46},"end":{"line":21,"column":92}},"type":"cond-expr","locations":[{"start":{"line":21,"column":70},"end":{"line":21,"column":73}},{"start":{"line":21,"column":76},"end":{"line":21,"column":92}}],"line":21},"1":{"loc":{"start":{"line":21,"column":46},"end":{"line":21,"column":67}},"type":"binary-expr","locations":[{"start":{"line":21,"column":46},"end":{"line":21,"column":49}},{"start":{"line":21,"column":53},"end":{"line":21,"column":67}}],"line":21}},"s":{"0":1,"1":1,"2":1,"3":1,"4":1,"5":1,"6":1,"7":1,"8":1,"9":4,"10":1,"11":1,"12":1,"13":1,"14":1,"15":1,"16":1,"17":1,"18":1,"19":1,"20":1,"21":1,"22":0,"23":1,"24":1,"25":1,"26":1,"27":1,"28":1,"29":1,"30":1,"31":1,"32":1,"33":1,"34":1,"35":1,"36":1,"37":1,"38":1,"39":1,"40":1,"41":1,"42":1,"43":1,"44":1,"45":1,"46":1,"47":1,"48":1,"49":1,"50":1,"51":1,"52":1,"53":1,"54":1,"55":1,"56":1,"57":1,"58":1,"59":1},"f":{"0":4,"1":1,"2":1,"3":1,"4":1,"5":0,"6":1,"7":1,"8":1,"9":1,"10":1,"11":1,"12":1,"13":1,"14":1,"15":1,"16":1,"17":1,"18":1,"19":1},"b":{"0":[1,3],"1":[4,4]},"_coverageSchema":"332fd63041d2c1bcb487cc26dd0d5f7d97098a6c","hash":"9cf826a4738309e0f7d09c03881492b6d4863afa","contentHash":"0607ca1f3b2ec94a5788a589dec8a099_11.1.0"},"/Users/andeladeveloper/Documents/Node_Project/PostIt/server/models/index.js":{"path":"/Users/andeladeveloper/Documents/Node_Project/PostIt/server/models/index.js","statementMap":{"0":{"start":{"line":3,"column":10},"end":{"line":3,"column":23}},"1":{"start":{"line":5,"column":11},"end":{"line":5,"column":38}},"2":{"start":{"line":7,"column":12},"end":{"line":7,"column":27}},"3":{"start":{"line":9,"column":13},"end":{"line":9,"column":42}},"4":{"start":{"line":11,"column":17},"end":{"line":11,"column":37}},"5":{"start":{"line":13,"column":18},"end":{"line":13,"column":52}},"6":{"start":{"line":15,"column":14},"end":{"line":15,"column":39}},"7":{"start":{"line":17,"column":15},"end":{"line":17,"column":46}},"8":{"start":{"line":19,"column":39},"end":{"line":19,"column":93}},"9":{"start":{"line":21,"column":15},"end":{"line":21,"column":55}},"10":{"start":{"line":22,"column":10},"end":{"line":22,"column":47}},"11":{"start":{"line":24,"column":13},"end":{"line":24,"column":34}},"12":{"start":{"line":26,"column":9},"end":{"line":26,"column":11}},"13":{"start":{"line":28,"column":16},"end":{"line":28,"column":22}},"14":{"start":{"line":29,"column":0},"end":{"line":33,"column":1}},"15":{"start":{"line":30,"column":2},"end":{"line":30,"column":76}},"16":{"start":{"line":32,"column":2},"end":{"line":32,"column":97}},"17":{"start":{"line":35,"column":0},"end":{"line":40,"column":3}},"18":{"start":{"line":36,"column":2},"end":{"line":36,"column":82}},"19":{"start":{"line":38,"column":14},"end":{"line":38,"column":68}},"20":{"start":{"line":39,"column":2},"end":{"line":39,"column":25}},"21":{"start":{"line":42,"column":0},"end":{"line":46,"column":3}},"22":{"start":{"line":43,"column":2},"end":{"line":45,"column":3}},"23":{"start":{"line":44,"column":4},"end":{"line":44,"column":32}},"24":{"start":{"line":48,"column":0},"end":{"line":48,"column":25}},"25":{"start":{"line":49,"column":0},"end":{"line":49,"column":35}},"26":{"start":{"line":51,"column":0},"end":{"line":51,"column":20}}},"fnMap":{"0":{"name":"_interopRequireDefault","decl":{"start":{"line":19,"column":9},"end":{"line":19,"column":31}},"loc":{"start":{"line":19,"column":37},"end":{"line":19,"column":95}},"line":19},"1":{"name":"(anonymous_1)","decl":{"start":{"line":35,"column":43},"end":{"line":35,"column":44}},"loc":{"start":{"line":35,"column":59},"end":{"line":37,"column":1}},"line":35},"2":{"name":"(anonymous_2)","decl":{"start":{"line":37,"column":11},"end":{"line":37,"column":12}},"loc":{"start":{"line":37,"column":27},"end":{"line":40,"column":1}},"line":37},"3":{"name":"(anonymous_3)","decl":{"start":{"line":42,"column":24},"end":{"line":42,"column":25}},"loc":{"start":{"line":42,"column":45},"end":{"line":46,"column":1}},"line":42}},"branchMap":{"0":{"loc":{"start":{"line":19,"column":46},"end":{"line":19,"column":92}},"type":"cond-expr","locations":[{"start":{"line":19,"column":70},"end":{"line":19,"column":73}},{"start":{"line":19,"column":76},"end":{"line":19,"column":92}}],"line":19},"1":{"loc":{"start":{"line":19,"column":46},"end":{"line":19,"column":67}},"type":"binary-expr","locations":[{"start":{"line":19,"column":46},"end":{"line":19,"column":49}},{"start":{"line":19,"column":53},"end":{"line":19,"column":67}}],"line":19},"2":{"loc":{"start":{"line":22,"column":10},"end":{"line":22,"column":47}},"type":"binary-expr","locations":[{"start":{"line":22,"column":10},"end":{"line":22,"column":30}},{"start":{"line":22,"column":34},"end":{"line":22,"column":47}}],"line":22},"3":{"loc":{"start":{"line":29,"column":0},"end":{"line":33,"column":1}},"type":"if","locations":[{"start":{"line":29,"column":0},"end":{"line":33,"column":1}},{"start":{"line":29,"column":0},"end":{"line":33,"column":1}}],"line":29},"4":{"loc":{"start":{"line":36,"column":9},"end":{"line":36,"column":81}},"type":"binary-expr","locations":[{"start":{"line":36,"column":9},"end":{"line":36,"column":32}},{"start":{"line":36,"column":36},"end":{"line":36,"column":53}},{"start":{"line":36,"column":57},"end":{"line":36,"column":81}}],"line":36},"5":{"loc":{"start":{"line":43,"column":2},"end":{"line":45,"column":3}},"type":"if","locations":[{"start":{"line":43,"column":2},"end":{"line":45,"column":3}},{"start":{"line":43,"column":2},"end":{"line":45,"column":3}}],"line":43}},"s":{"0":1,"1":1,"2":1,"3":1,"4":1,"5":1,"6":1,"7":1,"8":4,"9":1,"10":1,"11":1,"12":1,"13":1,"14":1,"15":0,"16":1,"17":1,"18":7,"19":6,"20":6,"21":1,"22":6,"23":5,"24":1,"25":1,"26":1},"f":{"0":4,"1":7,"2":6,"3":6},"b":{"0":[0,4],"1":[4,4],"2":[1,0],"3":[0,1],"4":[7,7,6],"5":[5,1]},"_coverageSchema":"332fd63041d2c1bcb487cc26dd0d5f7d97098a6c","hash":"d3ec53d5b7ed2f230b42aa722e28f2e33de3de5b","contentHash":"f8229c92dca09f059d4098f666567d7e_11.1.0"},"/Users/andeladeveloper/Documents/Node_Project/PostIt/server/models/User.js":{"path":"/Users/andeladeveloper/Documents/Node_Project/PostIt/server/models/User.js","statementMap":{"0":{"start":{"line":3,"column":0},"end":{"line":5,"column":3}},"1":{"start":{"line":7,"column":0},"end":{"line":81,"column":2}},"2":{"start":{"line":8,"column":14},"end":{"line":62,"column":4}},"3":{"start":{"line":64,"column":2},"end":{"line":78,"column":4}},"4":{"start":{"line":65,"column":4},"end":{"line":68,"column":7}},"5":{"start":{"line":69,"column":4},"end":{"line":73,"column":7}},"6":{"start":{"line":74,"column":4},"end":{"line":77,"column":7}},"7":{"start":{"line":80,"column":2},"end":{"line":80,"column":15}}},"fnMap":{"0":{"name":"(anonymous_0)","decl":{"start":{"line":7,"column":18},"end":{"line":7,"column":19}},"loc":{"start":{"line":7,"column":50},"end":{"line":81,"column":1}},"line":7},"1":{"name":"(anonymous_1)","decl":{"start":{"line":64,"column":20},"end":{"line":64,"column":21}},"loc":{"start":{"line":64,"column":38},"end":{"line":78,"column":3}},"line":64}},"branchMap":{},"s":{"0":1,"1":1,"2":1,"3":1,"4":1,"5":1,"6":1,"7":1},"f":{"0":1,"1":1},"b":{},"_coverageSchema":"332fd63041d2c1bcb487cc26dd0d5f7d97098a6c","hash":"20c62fbf3df9971091d45507171c5fe70a423fc1","contentHash":"221d6c108f1eaa75e3bdb2656c87191f_11.1.0"},"/Users/andeladeveloper/Documents/Node_Project/PostIt/server/models/archive.js":{"path":"/Users/andeladeveloper/Documents/Node_Project/PostIt/server/models/archive.js","statementMap":{"0":{"start":{"line":3,"column":0},"end":{"line":5,"column":3}},"1":{"start":{"line":7,"column":0},"end":{"line":33,"column":2}},"2":{"start":{"line":8,"column":17},"end":{"line":30,"column":4}},"3":{"start":{"line":31,"column":2},"end":{"line":31,"column":38}},"4":{"start":{"line":32,"column":2},"end":{"line":32,"column":18}}},"fnMap":{"0":{"name":"(anonymous_0)","decl":{"start":{"line":7,"column":18},"end":{"line":7,"column":19}},"loc":{"start":{"line":7,"column":50},"end":{"line":33,"column":1}},"line":7},"1":{"name":"(anonymous_1)","decl":{"start":{"line":31,"column":23},"end":{"line":31,"column":24}},"loc":{"start":{"line":31,"column":35},"end":{"line":31,"column":37}},"line":31}},"branchMap":{},"s":{"0":1,"1":1,"2":1,"3":1,"4":1},"f":{"0":1,"1":1},"b":{},"_coverageSchema":"332fd63041d2c1bcb487cc26dd0d5f7d97098a6c","hash":"46028f665519a21ebf74999a64db01f432981e21","contentHash":"5e6d84500bc4e275e2eec3e75607c1f8_11.1.0"},"/Users/andeladeveloper/Documents/Node_Project/PostIt/server/models/group.js":{"path":"/Users/andeladeveloper/Documents/Node_Project/PostIt/server/models/group.js","statementMap":{"0":{"start":{"line":3,"column":0},"end":{"line":5,"column":3}},"1":{"start":{"line":7,"column":0},"end":{"line":45,"column":2}},"2":{"start":{"line":8,"column":15},"end":{"line":28,"column":4}},"3":{"start":{"line":29,"column":2},"end":{"line":43,"column":4}},"4":{"start":{"line":30,"column":4},"end":{"line":34,"column":7}},"5":{"start":{"line":35,"column":4},"end":{"line":38,"column":7}},"6":{"start":{"line":39,"column":4},"end":{"line":42,"column":7}},"7":{"start":{"line":44,"column":2},"end":{"line":44,"column":16}}},"fnMap":{"0":{"name":"(anonymous_0)","decl":{"start":{"line":7,"column":18},"end":{"line":7,"column":19}},"loc":{"start":{"line":7,"column":50},"end":{"line":45,"column":1}},"line":7},"1":{"name":"(anonymous_1)","decl":{"start":{"line":29,"column":21},"end":{"line":29,"column":22}},"loc":{"start":{"line":29,"column":39},"end":{"line":43,"column":3}},"line":29}},"branchMap":{},"s":{"0":1,"1":1,"2":1,"3":1,"4":1,"5":1,"6":1,"7":1},"f":{"0":1,"1":1},"b":{},"_coverageSchema":"332fd63041d2c1bcb487cc26dd0d5f7d97098a6c","hash":"96b7a58c378e8564795d5de9973af6b47cba86a7","contentHash":"528a40a83d634d570abd4e28de79a778_11.1.0"},"/Users/andeladeveloper/Documents/Node_Project/PostIt/server/models/message.js":{"path":"/Users/andeladeveloper/Documents/Node_Project/PostIt/server/models/message.js","statementMap":{"0":{"start":{"line":3,"column":0},"end":{"line":5,"column":3}},"1":{"start":{"line":7,"column":0},"end":{"line":66,"column":2}},"2":{"start":{"line":8,"column":17},"end":{"line":50,"column":4}},"3":{"start":{"line":51,"column":2},"end":{"line":64,"column":4}},"4":{"start":{"line":52,"column":4},"end":{"line":55,"column":7}},"5":{"start":{"line":56,"column":4},"end":{"line":59,"column":7}},"6":{"start":{"line":60,"column":4},"end":{"line":63,"column":7}},"7":{"start":{"line":65,"column":2},"end":{"line":65,"column":18}}},"fnMap":{"0":{"name":"(anonymous_0)","decl":{"start":{"line":7,"column":18},"end":{"line":7,"column":19}},"loc":{"start":{"line":7,"column":50},"end":{"line":66,"column":1}},"line":7},"1":{"name":"(anonymous_1)","decl":{"start":{"line":51,"column":23},"end":{"line":51,"column":24}},"loc":{"start":{"line":51,"column":41},"end":{"line":64,"column":3}},"line":51}},"branchMap":{},"s":{"0":1,"1":1,"2":1,"3":1,"4":1,"5":1,"6":1,"7":1},"f":{"0":1,"1":1},"b":{},"_coverageSchema":"332fd63041d2c1bcb487cc26dd0d5f7d97098a6c","hash":"84111fa9832326b970ba3e810acfdea49c814cd3","contentHash":"d28c9e15a81042e7bc7d012c03f9ab51_11.1.0"},"/Users/andeladeveloper/Documents/Node_Project/PostIt/server/models/messageread.js":{"path":"/Users/andeladeveloper/Documents/Node_Project/PostIt/server/models/messageread.js","statementMap":{"0":{"start":{"line":3,"column":0},"end":{"line":5,"column":3}},"1":{"start":{"line":7,"column":0},"end":{"line":70,"column":2}},"2":{"start":{"line":8,"column":21},"end":{"line":50,"column":4}},"3":{"start":{"line":51,"column":2},"end":{"line":68,"column":4}},"4":{"start":{"line":52,"column":4},"end":{"line":55,"column":7}},"5":{"start":{"line":56,"column":4},"end":{"line":59,"column":7}},"6":{"start":{"line":60,"column":4},"end":{"line":63,"column":7}},"7":{"start":{"line":64,"column":4},"end":{"line":67,"column":7}},"8":{"start":{"line":69,"column":2},"end":{"line":69,"column":22}}},"fnMap":{"0":{"name":"(anonymous_0)","decl":{"start":{"line":7,"column":18},"end":{"line":7,"column":19}},"loc":{"start":{"line":7,"column":50},"end":{"line":70,"column":1}},"line":7},"1":{"name":"(anonymous_1)","decl":{"start":{"line":51,"column":27},"end":{"line":51,"column":28}},"loc":{"start":{"line":51,"column":45},"end":{"line":68,"column":3}},"line":51}},"branchMap":{},"s":{"0":1,"1":1,"2":1,"3":1,"4":1,"5":1,"6":1,"7":1,"8":1},"f":{"0":1,"1":1},"b":{},"_coverageSchema":"332fd63041d2c1bcb487cc26dd0d5f7d97098a6c","hash":"6b5fa8d2a7a605b93f20249983e3dce35cb25d83","contentHash":"85331ba8a1d6dfc76e02283655a4f41c_11.1.0"},"/Users/andeladeveloper/Documents/Node_Project/PostIt/server/models/userGroup.js":{"path":"/Users/andeladeveloper/Documents/Node_Project/PostIt/server/models/userGroup.js","statementMap":{"0":{"start":{"line":3,"column":0},"end":{"line":5,"column":3}},"1":{"start":{"line":7,"column":0},"end":{"line":48,"column":2}},"2":{"start":{"line":8,"column":19},"end":{"line":46,"column":4}},"3":{"start":{"line":47,"column":2},"end":{"line":47,"column":20}}},"fnMap":{"0":{"name":"(anonymous_0)","decl":{"start":{"line":7,"column":18},"end":{"line":7,"column":19}},"loc":{"start":{"line":7,"column":50},"end":{"line":48,"column":1}},"line":7}},"branchMap":{},"s":{"0":1,"1":1,"2":1,"3":1},"f":{"0":1},"b":{},"_coverageSchema":"332fd63041d2c1bcb487cc26dd0d5f7d97098a6c","hash":"529c026e7206c754395d62db38290d0fdfb02232","contentHash":"499fb622869332ca04f51789ab68852e_11.1.0"},"/Users/andeladeveloper/Documents/Node_Project/PostIt/server/app.js":{"path":"/Users/andeladeveloper/Documents/Node_Project/PostIt/server/app.js","statementMap":{"0":{"start":{"line":3,"column":0},"end":{"line":5,"column":3}},"1":{"start":{"line":7,"column":15},"end":{"line":7,"column":33}},"2":{"start":{"line":9,"column":16},"end":{"line":9,"column":48}},"3":{"start":{"line":11,"column":20},"end":{"line":11,"column":44}},"4":{"start":{"line":13,"column":21},"end":{"line":13,"column":58}},"5":{"start":{"line":15,"column":12},"end":{"line":15,"column":27}},"6":{"start":{"line":17,"column":13},"end":{"line":17,"column":42}},"7":{"start":{"line":19,"column":14},"end":{"line":19,"column":31}},"8":{"start":{"line":21,"column":15},"end":{"line":21,"column":46}},"9":{"start":{"line":23,"column":20},"end":{"line":23,"column":44}},"10":{"start":{"line":25,"column":21},"end":{"line":25,"column":58}},"11":{"start":{"line":27,"column":18},"end":{"line":27,"column":40}},"12":{"start":{"line":29,"column":19},"end":{"line":29,"column":54}},"13":{"start":{"line":31,"column":15},"end":{"line":31,"column":33}},"14":{"start":{"line":33,"column":16},"end":{"line":33,"column":48}},"15":{"start":{"line":35,"column":28},"end":{"line":35,"column":61}},"16":{"start":{"line":37,"column":29},"end":{"line":37,"column":74}},"17":{"start":{"line":39,"column":28},"end":{"line":39,"column":61}},"18":{"start":{"line":41,"column":29},"end":{"line":41,"column":74}},"19":{"start":{"line":43,"column":13},"end":{"line":43,"column":38}},"20":{"start":{"line":45,"column":14},"end":{"line":45,"column":44}},"21":{"start":{"line":47,"column":16},"end":{"line":47,"column":44}},"22":{"start":{"line":49,"column":16},"end":{"line":49,"column":49}},"23":{"start":{"line":51,"column":39},"end":{"line":51,"column":93}},"24":{"start":{"line":54,"column":10},"end":{"line":54,"column":34}},"25":{"start":{"line":59,"column":15},"end":{"line":59,"column":56}},"26":{"start":{"line":62,"column":0},"end":{"line":65,"column":4}},"27":{"start":{"line":66,"column":0},"end":{"line":66,"column":55}},"28":{"start":{"line":69,"column":0},"end":{"line":69,"column":38}},"29":{"start":{"line":70,"column":0},"end":{"line":70,"column":37}},"30":{"start":{"line":71,"column":0},"end":{"line":71,"column":62}},"31":{"start":{"line":72,"column":0},"end":{"line":72,"column":39}},"32":{"start":{"line":73,"column":0},"end":{"line":73,"column":79}},"33":{"start":{"line":76,"column":0},"end":{"line":76,"column":30}},"34":{"start":{"line":79,"column":0},"end":{"line":79,"column":39}},"35":{"start":{"line":82,"column":0},"end":{"line":86,"column":3}},"36":{"start":{"line":83,"column":12},"end":{"line":83,"column":34}},"37":{"start":{"line":84,"column":2},"end":{"line":84,"column":19}},"38":{"start":{"line":85,"column":2},"end":{"line":85,"column":12}},"39":{"start":{"line":89,"column":0},"end":{"line":89,"column":37}},"40":{"start":{"line":91,"column":0},"end":{"line":91,"column":22}}},"fnMap":{"0":{"name":"_interopRequireDefault","decl":{"start":{"line":51,"column":9},"end":{"line":51,"column":31}},"loc":{"start":{"line":51,"column":37},"end":{"line":51,"column":95}},"line":51},"1":{"name":"(anonymous_1)","decl":{"start":{"line":82,"column":8},"end":{"line":82,"column":9}},"loc":{"start":{"line":82,"column":34},"end":{"line":86,"column":1}},"line":82}},"branchMap":{"0":{"loc":{"start":{"line":51,"column":46},"end":{"line":51,"column":92}},"type":"cond-expr","locations":[{"start":{"line":51,"column":70},"end":{"line":51,"column":73}},{"start":{"line":51,"column":76},"end":{"line":51,"column":92}}],"line":51},"1":{"loc":{"start":{"line":51,"column":46},"end":{"line":51,"column":67}},"type":"binary-expr","locations":[{"start":{"line":51,"column":46},"end":{"line":51,"column":49}},{"start":{"line":51,"column":53},"end":{"line":51,"column":67}}],"line":51},"2":{"loc":{"start":{"line":89,"column":11},"end":{"line":89,"column":35}},"type":"binary-expr","locations":[{"start":{"line":89,"column":11},"end":{"line":89,"column":27}},{"start":{"line":89,"column":31},"end":{"line":89,"column":35}}],"line":89}},"s":{"0":1,"1":1,"2":1,"3":1,"4":1,"5":1,"6":1,"7":1,"8":1,"9":1,"10":1,"11":1,"12":1,"13":1,"14":1,"15":1,"16":1,"17":1,"18":1,"19":1,"20":1,"21":1,"22":1,"23":11,"24":1,"25":1,"26":1,"27":1,"28":1,"29":1,"30":1,"31":1,"32":1,"33":1,"34":1,"35":1,"36":0,"37":0,"38":0,"39":1,"40":1},"f":{"0":11,"1":0},"b":{"0":[0,11],"1":[11,11],"2":[1,1]},"_coverageSchema":"332fd63041d2c1bcb487cc26dd0d5f7d97098a6c","hash":"91cb72820446114a5b3d81c0e9739a6d61e83444","contentHash":"db97f2e30f2d3217a76e7234325394d8_11.1.0"},"/Users/andeladeveloper/Documents/Node_Project/PostIt/server/routes/index.js":{"path":"/Users/andeladeveloper/Documents/Node_Project/PostIt/server/routes/index.js","statementMap":{"0":{"start":{"line":3,"column":15},"end":{"line":3,"column":33}},"1":{"start":{"line":5,"column":16},"end":{"line":5,"column":48}},"2":{"start":{"line":7,"column":12},"end":{"line":7,"column":27}},"3":{"start":{"line":9,"column":13},"end":{"line":9,"column":42}},"4":{"start":{"line":11,"column":20},"end":{"line":11,"column":43}},"5":{"start":{"line":13,"column":21},"end":{"line":13,"column":58}},"6":{"start":{"line":15,"column":18},"end":{"line":15,"column":42}},"7":{"start":{"line":17,"column":19},"end":{"line":17,"column":54}},"8":{"start":{"line":19,"column":14},"end":{"line":19,"column":34}},"9":{"start":{"line":21,"column":15},"end":{"line":21,"column":46}},"10":{"start":{"line":23,"column":39},"end":{"line":23,"column":93}},"11":{"start":{"line":25,"column":13},"end":{"line":25,"column":39}},"12":{"start":{"line":26,"column":21},"end":{"line":26,"column":46}},"13":{"start":{"line":27,"column":22},"end":{"line":27,"column":48}},"14":{"start":{"line":28,"column":26},"end":{"line":28,"column":56}},"15":{"start":{"line":29,"column":24},"end":{"line":29,"column":52}},"16":{"start":{"line":32,"column":0},"end":{"line":34,"column":3}},"17":{"start":{"line":33,"column":2},"end":{"line":33,"column":62}},"18":{"start":{"line":37,"column":0},"end":{"line":39,"column":3}},"19":{"start":{"line":38,"column":2},"end":{"line":38,"column":62}},"20":{"start":{"line":42,"column":0},"end":{"line":44,"column":3}},"21":{"start":{"line":43,"column":2},"end":{"line":43,"column":62}},"22":{"start":{"line":46,"column":0},"end":{"line":48,"column":3}},"23":{"start":{"line":47,"column":2},"end":{"line":47,"column":62}},"24":{"start":{"line":51,"column":0},"end":{"line":53,"column":3}},"25":{"start":{"line":52,"column":2},"end":{"line":52,"column":62}},"26":{"start":{"line":56,"column":0},"end":{"line":58,"column":3}},"27":{"start":{"line":57,"column":2},"end":{"line":57,"column":62}},"28":{"start":{"line":61,"column":0},"end":{"line":63,"column":3}},"29":{"start":{"line":62,"column":2},"end":{"line":62,"column":62}},"30":{"start":{"line":66,"column":0},"end":{"line":68,"column":3}},"31":{"start":{"line":67,"column":2},"end":{"line":67,"column":62}},"32":{"start":{"line":70,"column":0},"end":{"line":72,"column":3}},"33":{"start":{"line":71,"column":2},"end":{"line":71,"column":62}},"34":{"start":{"line":75,"column":0},"end":{"line":77,"column":3}},"35":{"start":{"line":76,"column":2},"end":{"line":76,"column":62}},"36":{"start":{"line":79,"column":0},"end":{"line":81,"column":3}},"37":{"start":{"line":80,"column":2},"end":{"line":80,"column":62}},"38":{"start":{"line":83,"column":0},"end":{"line":85,"column":3}},"39":{"start":{"line":84,"column":2},"end":{"line":84,"column":62}},"40":{"start":{"line":87,"column":0},"end":{"line":89,"column":3}},"41":{"start":{"line":88,"column":2},"end":{"line":88,"column":62}},"42":{"start":{"line":91,"column":0},"end":{"line":93,"column":3}},"43":{"start":{"line":92,"column":2},"end":{"line":92,"column":62}},"44":{"start":{"line":96,"column":0},"end":{"line":98,"column":3}},"45":{"start":{"line":97,"column":2},"end":{"line":97,"column":62}},"46":{"start":{"line":105,"column":0},"end":{"line":105,"column":55}},"47":{"start":{"line":108,"column":0},"end":{"line":108,"column":53}},"48":{"start":{"line":111,"column":0},"end":{"line":111,"column":69}},"49":{"start":{"line":114,"column":0},"end":{"line":114,"column":93}},"50":{"start":{"line":117,"column":0},"end":{"line":117,"column":77}},"51":{"start":{"line":119,"column":12},"end":{"line":119,"column":18}},"52":{"start":{"line":121,"column":0},"end":{"line":139,"column":3}},"53":{"start":{"line":122,"column":2},"end":{"line":122,"column":106}},"54":{"start":{"line":123,"column":2},"end":{"line":138,"column":5}},"55":{"start":{"line":124,"column":4},"end":{"line":129,"column":5}},"56":{"start":{"line":125,"column":6},"end":{"line":127,"column":9}},"57":{"start":{"line":128,"column":6},"end":{"line":128,"column":13}},"58":{"start":{"line":132,"column":4},"end":{"line":132,"column":30}},"59":{"start":{"line":133,"column":4},"end":{"line":133,"column":42}},"60":{"start":{"line":136,"column":4},"end":{"line":136,"column":34}},"61":{"start":{"line":137,"column":4},"end":{"line":137,"column":11}},"62":{"start":{"line":145,"column":0},"end":{"line":145,"column":50}},"63":{"start":{"line":148,"column":0},"end":{"line":148,"column":68}},"64":{"start":{"line":151,"column":0},"end":{"line":151,"column":71}},"65":{"start":{"line":154,"column":0},"end":{"line":154,"column":69}},"66":{"start":{"line":157,"column":0},"end":{"line":157,"column":69}},"67":{"start":{"line":160,"column":0},"end":{"line":160,"column":58}},"68":{"start":{"line":163,"column":0},"end":{"line":163,"column":60}},"69":{"start":{"line":166,"column":0},"end":{"line":166,"column":77}},"70":{"start":{"line":169,"column":0},"end":{"line":169,"column":51}},"71":{"start":{"line":172,"column":0},"end":{"line":172,"column":69}},"72":{"start":{"line":175,"column":0},"end":{"line":175,"column":71}},"73":{"start":{"line":178,"column":0},"end":{"line":178,"column":92}},"74":{"start":{"line":181,"column":0},"end":{"line":181,"column":81}},"75":{"start":{"line":184,"column":0},"end":{"line":184,"column":94}},"76":{"start":{"line":187,"column":0},"end":{"line":187,"column":92}},"77":{"start":{"line":189,"column":0},"end":{"line":189,"column":24}}},"fnMap":{"0":{"name":"_interopRequireDefault","decl":{"start":{"line":23,"column":9},"end":{"line":23,"column":31}},"loc":{"start":{"line":23,"column":37},"end":{"line":23,"column":95}},"line":23},"1":{"name":"(anonymous_1)","decl":{"start":{"line":32,"column":16},"end":{"line":32,"column":17}},"loc":{"start":{"line":32,"column":36},"end":{"line":34,"column":1}},"line":32},"2":{"name":"(anonymous_2)","decl":{"start":{"line":37,"column":22},"end":{"line":37,"column":23}},"loc":{"start":{"line":37,"column":42},"end":{"line":39,"column":1}},"line":37},"3":{"name":"(anonymous_3)","decl":{"start":{"line":42,"column":38},"end":{"line":42,"column":39}},"loc":{"start":{"line":42,"column":58},"end":{"line":44,"column":1}},"line":42},"4":{"name":"(anonymous_4)","decl":{"start":{"line":46,"column":31},"end":{"line":46,"column":32}},"loc":{"start":{"line":46,"column":51},"end":{"line":48,"column":1}},"line":46},"5":{"name":"(anonymous_5)","decl":{"start":{"line":51,"column":23},"end":{"line":51,"column":24}},"loc":{"start":{"line":51,"column":43},"end":{"line":53,"column":1}},"line":51},"6":{"name":"(anonymous_6)","decl":{"start":{"line":56,"column":30},"end":{"line":56,"column":31}},"loc":{"start":{"line":56,"column":50},"end":{"line":58,"column":1}},"line":56},"7":{"name":"(anonymous_7)","decl":{"start":{"line":61,"column":27},"end":{"line":61,"column":28}},"loc":{"start":{"line":61,"column":47},"end":{"line":63,"column":1}},"line":61},"8":{"name":"(anonymous_8)","decl":{"start":{"line":66,"column":30},"end":{"line":66,"column":31}},"loc":{"start":{"line":66,"column":50},"end":{"line":68,"column":1}},"line":66},"9":{"name":"(anonymous_9)","decl":{"start":{"line":70,"column":29},"end":{"line":70,"column":30}},"loc":{"start":{"line":70,"column":49},"end":{"line":72,"column":1}},"line":70},"10":{"name":"(anonymous_10)","decl":{"start":{"line":75,"column":27},"end":{"line":75,"column":28}},"loc":{"start":{"line":75,"column":47},"end":{"line":77,"column":1}},"line":75},"11":{"name":"(anonymous_11)","decl":{"start":{"line":79,"column":25},"end":{"line":79,"column":26}},"loc":{"start":{"line":79,"column":45},"end":{"line":81,"column":1}},"line":79},"12":{"name":"(anonymous_12)","decl":{"start":{"line":83,"column":30},"end":{"line":83,"column":31}},"loc":{"start":{"line":83,"column":50},"end":{"line":85,"column":1}},"line":83},"13":{"name":"(anonymous_13)","decl":{"start":{"line":87,"column":41},"end":{"line":87,"column":42}},"loc":{"start":{"line":87,"column":61},"end":{"line":89,"column":1}},"line":87},"14":{"name":"(anonymous_14)","decl":{"start":{"line":91,"column":23},"end":{"line":91,"column":24}},"loc":{"start":{"line":91,"column":43},"end":{"line":93,"column":1}},"line":91},"15":{"name":"(anonymous_15)","decl":{"start":{"line":96,"column":25},"end":{"line":96,"column":26}},"loc":{"start":{"line":96,"column":45},"end":{"line":98,"column":1}},"line":96},"16":{"name":"(anonymous_16)","decl":{"start":{"line":121,"column":11},"end":{"line":121,"column":12}},"loc":{"start":{"line":121,"column":37},"end":{"line":139,"column":1}},"line":121},"17":{"name":"(anonymous_17)","decl":{"start":{"line":123,"column":67},"end":{"line":123,"column":68}},"loc":{"start":{"line":123,"column":93},"end":{"line":138,"column":3}},"line":123}},"branchMap":{"0":{"loc":{"start":{"line":23,"column":46},"end":{"line":23,"column":92}},"type":"cond-expr","locations":[{"start":{"line":23,"column":70},"end":{"line":23,"column":73}},{"start":{"line":23,"column":76},"end":{"line":23,"column":92}}],"line":23},"1":{"loc":{"start":{"line":23,"column":46},"end":{"line":23,"column":67}},"type":"binary-expr","locations":[{"start":{"line":23,"column":46},"end":{"line":23,"column":49}},{"start":{"line":23,"column":53},"end":{"line":23,"column":67}}],"line":23},"2":{"loc":{"start":{"line":122,"column":10},"end":{"line":122,"column":105}},"type":"binary-expr","locations":[{"start":{"line":122,"column":10},"end":{"line":122,"column":24}},{"start":{"line":122,"column":28},"end":{"line":122,"column":43}},{"start":{"line":122,"column":47},"end":{"line":122,"column":72}},{"start":{"line":122,"column":76},"end":{"line":122,"column":105}}],"line":122},"3":{"loc":{"start":{"line":124,"column":4},"end":{"line":129,"column":5}},"type":"if","locations":[{"start":{"line":124,"column":4},"end":{"line":129,"column":5}},{"start":{"line":124,"column":4},"end":{"line":129,"column":5}}],"line":124}},"s":{"0":1,"1":1,"2":1,"3":1,"4":1,"5":1,"6":1,"7":1,"8":1,"9":1,"10":5,"11":1,"12":1,"13":1,"14":1,"15":1,"16":1,"17":0,"18":1,"19":0,"20":1,"21":0,"22":1,"23":0,"24":1,"25":0,"26":1,"27":0,"28":1,"29":0,"30":1,"31":0,"32":1,"33":0,"34":1,"35":0,"36":1,"37":0,"38":1,"39":0,"40":1,"41":0,"42":1,"43":0,"44":1,"45":0,"46":1,"47":1,"48":1,"49":1,"50":1,"51":1,"52":1,"53":29,"54":29,"55":29,"56":2,"57":2,"58":27,"59":27,"60":27,"61":27,"62":1,"63":1,"64":1,"65":1,"66":1,"67":1,"68":1,"69":1,"70":1,"71":1,"72":1,"73":1,"74":1,"75":1,"76":1,"77":1},"f":{"0":5,"1":0,"2":0,"3":0,"4":0,"5":0,"6":0,"7":0,"8":0,"9":0,"10":0,"11":0,"12":0,"13":0,"14":0,"15":0,"16":29,"17":29},"b":{"0":[2,3],"1":[5,5],"2":[29,7,7,7],"3":[2,27]},"_coverageSchema":"332fd63041d2c1bcb487cc26dd0d5f7d97098a6c","hash":"6a6a164fcde2d294e3528a684c8ef844e17173dd","contentHash":"220cb11e1a79c2cf70cae183d0e1d039_11.1.0"},"/Users/andeladeveloper/Documents/Node_Project/PostIt/server/controller/index.js":{"path":"/Users/andeladeveloper/Documents/Node_Project/PostIt/server/controller/index.js","statementMap":{"0":{"start":{"line":3,"column":0},"end":{"line":5,"column":3}},"1":{"start":{"line":7,"column":12},"end":{"line":7,"column":29}},"2":{"start":{"line":9,"column":13},"end":{"line":9,"column":42}},"3":{"start":{"line":11,"column":13},"end":{"line":11,"column":31}},"4":{"start":{"line":13,"column":14},"end":{"line":13,"column":44}},"5":{"start":{"line":15,"column":17},"end":{"line":15,"column":39}},"6":{"start":{"line":17,"column":18},"end":{"line":17,"column":52}},"7":{"start":{"line":19,"column":15},"end":{"line":19,"column":35}},"8":{"start":{"line":21,"column":16},"end":{"line":21,"column":48}},"9":{"start":{"line":23,"column":39},"end":{"line":23,"column":93}},"10":{"start":{"line":26,"column":0},"end":{"line":31,"column":2}}},"fnMap":{"0":{"name":"_interopRequireDefault","decl":{"start":{"line":23,"column":9},"end":{"line":23,"column":31}},"loc":{"start":{"line":23,"column":37},"end":{"line":23,"column":95}},"line":23}},"branchMap":{"0":{"loc":{"start":{"line":23,"column":46},"end":{"line":23,"column":92}},"type":"cond-expr","locations":[{"start":{"line":23,"column":70},"end":{"line":23,"column":73}},{"start":{"line":23,"column":76},"end":{"line":23,"column":92}}],"line":23},"1":{"loc":{"start":{"line":23,"column":46},"end":{"line":23,"column":67}},"type":"binary-expr","locations":[{"start":{"line":23,"column":46},"end":{"line":23,"column":49}},{"start":{"line":23,"column":53},"end":{"line":23,"column":67}}],"line":23}},"s":{"0":1,"1":1,"2":1,"3":1,"4":1,"5":1,"6":1,"7":1,"8":1,"9":4,"10":1},"f":{"0":4},"b":{"0":[4,0],"1":[4,4]},"_coverageSchema":"332fd63041d2c1bcb487cc26dd0d5f7d97098a6c","hash":"c011d0a7a374599f97d161d074608e410edc0fa1","contentHash":"a194f2c3c48ad44797aa0fc2aeb6786e_11.1.0"},"/Users/andeladeveloper/Documents/Node_Project/PostIt/server/controller/user.js":{"path":"/Users/andeladeveloper/Documents/Node_Project/PostIt/server/controller/user.js","statementMap":{"0":{"start":{"line":3,"column":0},"end":{"line":5,"column":3}},"1":{"start":{"line":7,"column":20},"end":{"line":7,"column":43}},"2":{"start":{"line":9,"column":21},"end":{"line":9,"column":58}},"3":{"start":{"line":11,"column":10},"end":{"line":11,"column":24}},"4":{"start":{"line":13,"column":11},"end":{"line":13,"column":38}},"5":{"start":{"line":15,"column":14},"end":{"line":15,"column":31}},"6":{"start":{"line":17,"column":15},"end":{"line":17,"column":46}},"7":{"start":{"line":19,"column":18},"end":{"line":19,"column":39}},"8":{"start":{"line":21,"column":19},"end":{"line":21,"column":54}},"9":{"start":{"line":23,"column":14},"end":{"line":23,"column":34}},"10":{"start":{"line":25,"column":14},"end":{"line":25,"column":34}},"11":{"start":{"line":27,"column":15},"end":{"line":27,"column":46}},"12":{"start":{"line":29,"column":14},"end":{"line":29,"column":53}},"13":{"start":{"line":31,"column":15},"end":{"line":31,"column":46}},"14":{"start":{"line":33,"column":39},"end":{"line":33,"column":93}},"15":{"start":{"line":35,"column":0},"end":{"line":222,"column":2}},"16":{"start":{"line":39,"column":25},"end":{"line":39,"column":56}},"17":{"start":{"line":40,"column":17},"end":{"line":40,"column":38}},"18":{"start":{"line":41,"column":18},"end":{"line":41,"column":40}},"19":{"start":{"line":43,"column":4},"end":{"line":45,"column":5}},"20":{"start":{"line":44,"column":6},"end":{"line":44,"column":35}},"21":{"start":{"line":46,"column":4},"end":{"line":63,"column":7}},"22":{"start":{"line":52,"column":6},"end":{"line":57,"column":9}},"23":{"start":{"line":59,"column":6},"end":{"line":62,"column":9}},"24":{"start":{"line":68,"column":4},"end":{"line":93,"column":7}},"25":{"start":{"line":74,"column":6},"end":{"line":88,"column":7}},"26":{"start":{"line":76,"column":20},"end":{"line":79,"column":59}},"27":{"start":{"line":81,"column":8},"end":{"line":86,"column":11}},"28":{"start":{"line":87,"column":8},"end":{"line":87,"column":15}},"29":{"start":{"line":90,"column":6},"end":{"line":92,"column":9}},"30":{"start":{"line":98,"column":4},"end":{"line":148,"column":7}},"31":{"start":{"line":99,"column":6},"end":{"line":143,"column":7}},"32":{"start":{"line":100,"column":20},"end":{"line":100,"column":68}},"33":{"start":{"line":101,"column":30},"end":{"line":101,"column":50}},"34":{"start":{"line":102,"column":8},"end":{"line":138,"column":11}},"35":{"start":{"line":112,"column":28},"end":{"line":118,"column":12}},"36":{"start":{"line":120,"column":28},"end":{"line":126,"column":11}},"37":{"start":{"line":127,"column":10},"end":{"line":133,"column":13}},"38":{"start":{"line":128,"column":12},"end":{"line":130,"column":13}},"39":{"start":{"line":129,"column":14},"end":{"line":129,"column":87}},"40":{"start":{"line":131,"column":12},"end":{"line":132,"column":15}},"41":{"start":{"line":135,"column":10},"end":{"line":137,"column":13}},"42":{"start":{"line":140,"column":8},"end":{"line":142,"column":11}},"43":{"start":{"line":145,"column":6},"end":{"line":147,"column":9}},"44":{"start":{"line":153,"column":4},"end":{"line":170,"column":7}},"45":{"start":{"line":162,"column":6},"end":{"line":164,"column":9}},"46":{"start":{"line":166,"column":6},"end":{"line":169,"column":9}},"47":{"start":{"line":177,"column":4},"end":{"line":198,"column":7}},"48":{"start":{"line":183,"column":6},"end":{"line":193,"column":7}},"49":{"start":{"line":184,"column":8},"end":{"line":188,"column":11}},"50":{"start":{"line":190,"column":8},"end":{"line":192,"column":11}},"51":{"start":{"line":195,"column":6},"end":{"line":197,"column":9}},"52":{"start":{"line":203,"column":4},"end":{"line":220,"column":7}},"53":{"start":{"line":204,"column":6},"end":{"line":212,"column":7}},"54":{"start":{"line":205,"column":8},"end":{"line":210,"column":11}},"55":{"start":{"line":211,"column":8},"end":{"line":211,"column":15}},"56":{"start":{"line":213,"column":6},"end":{"line":215,"column":9}},"57":{"start":{"line":217,"column":6},"end":{"line":219,"column":9}}},"fnMap":{"0":{"name":"_interopRequireDefault","decl":{"start":{"line":33,"column":9},"end":{"line":33,"column":31}},"loc":{"start":{"line":33,"column":37},"end":{"line":33,"column":95}},"line":33},"1":{"name":"create","decl":{"start":{"line":37,"column":19},"end":{"line":37,"column":25}},"loc":{"start":{"line":37,"column":36},"end":{"line":64,"column":3}},"line":37},"2":{"name":"(anonymous_2)","decl":{"start":{"line":51,"column":12},"end":{"line":51,"column":13}},"loc":{"start":{"line":51,"column":28},"end":{"line":58,"column":5}},"line":51},"3":{"name":"(anonymous_3)","decl":{"start":{"line":58,"column":13},"end":{"line":58,"column":14}},"loc":{"start":{"line":58,"column":25},"end":{"line":63,"column":5}},"line":58},"4":{"name":"list","decl":{"start":{"line":67,"column":17},"end":{"line":67,"column":21}},"loc":{"start":{"line":67,"column":32},"end":{"line":94,"column":3}},"line":67},"5":{"name":"(anonymous_5)","decl":{"start":{"line":73,"column":12},"end":{"line":73,"column":13}},"loc":{"start":{"line":73,"column":28},"end":{"line":93,"column":5}},"line":73},"6":{"name":"resetPassword","decl":{"start":{"line":97,"column":26},"end":{"line":97,"column":39}},"loc":{"start":{"line":97,"column":50},"end":{"line":149,"column":3}},"line":97},"7":{"name":"(anonymous_7)","decl":{"start":{"line":98,"column":69},"end":{"line":98,"column":70}},"loc":{"start":{"line":98,"column":85},"end":{"line":144,"column":5}},"line":98},"8":{"name":"(anonymous_8)","decl":{"start":{"line":109,"column":16},"end":{"line":109,"column":17}},"loc":{"start":{"line":109,"column":28},"end":{"line":134,"column":9}},"line":109},"9":{"name":"(anonymous_9)","decl":{"start":{"line":127,"column":44},"end":{"line":127,"column":45}},"loc":{"start":{"line":127,"column":61},"end":{"line":133,"column":11}},"line":127},"10":{"name":"(anonymous_10)","decl":{"start":{"line":134,"column":17},"end":{"line":134,"column":18}},"loc":{"start":{"line":134,"column":29},"end":{"line":138,"column":9}},"line":134},"11":{"name":"(anonymous_11)","decl":{"start":{"line":144,"column":13},"end":{"line":144,"column":14}},"loc":{"start":{"line":144,"column":25},"end":{"line":148,"column":5}},"line":144},"12":{"name":"updatePassword","decl":{"start":{"line":152,"column":27},"end":{"line":152,"column":41}},"loc":{"start":{"line":152,"column":52},"end":{"line":171,"column":3}},"line":152},"13":{"name":"(anonymous_13)","decl":{"start":{"line":161,"column":12},"end":{"line":161,"column":13}},"loc":{"start":{"line":161,"column":24},"end":{"line":165,"column":5}},"line":161},"14":{"name":"(anonymous_14)","decl":{"start":{"line":165,"column":13},"end":{"line":165,"column":14}},"loc":{"start":{"line":165,"column":30},"end":{"line":170,"column":5}},"line":165},"15":{"name":"checkValidTokenForPasswordReset","decl":{"start":{"line":176,"column":44},"end":{"line":176,"column":75}},"loc":{"start":{"line":176,"column":86},"end":{"line":199,"column":3}},"line":176},"16":{"name":"(anonymous_16)","decl":{"start":{"line":182,"column":12},"end":{"line":182,"column":13}},"loc":{"start":{"line":182,"column":28},"end":{"line":194,"column":5}},"line":182},"17":{"name":"(anonymous_17)","decl":{"start":{"line":194,"column":13},"end":{"line":194,"column":14}},"loc":{"start":{"line":194,"column":25},"end":{"line":198,"column":5}},"line":194},"18":{"name":"FetchMemberByName","decl":{"start":{"line":202,"column":30},"end":{"line":202,"column":47}},"loc":{"start":{"line":202,"column":58},"end":{"line":221,"column":3}},"line":202},"19":{"name":"(anonymous_19)","decl":{"start":{"line":203,"column":82},"end":{"line":203,"column":83}},"loc":{"start":{"line":203,"column":98},"end":{"line":216,"column":5}},"line":203},"20":{"name":"(anonymous_20)","decl":{"start":{"line":216,"column":13},"end":{"line":216,"column":14}},"loc":{"start":{"line":216,"column":25},"end":{"line":220,"column":5}},"line":216}},"branchMap":{"0":{"loc":{"start":{"line":33,"column":46},"end":{"line":33,"column":92}},"type":"cond-expr","locations":[{"start":{"line":33,"column":70},"end":{"line":33,"column":73}},{"start":{"line":33,"column":76},"end":{"line":33,"column":92}}],"line":33},"1":{"loc":{"start":{"line":33,"column":46},"end":{"line":33,"column":67}},"type":"binary-expr","locations":[{"start":{"line":33,"column":46},"end":{"line":33,"column":49}},{"start":{"line":33,"column":53},"end":{"line":33,"column":67}}],"line":33},"2":{"loc":{"start":{"line":43,"column":4},"end":{"line":45,"column":5}},"type":"if","locations":[{"start":{"line":43,"column":4},"end":{"line":45,"column":5}},{"start":{"line":43,"column":4},"end":{"line":45,"column":5}}],"line":43},"3":{"loc":{"start":{"line":74,"column":6},"end":{"line":88,"column":7}},"type":"if","locations":[{"start":{"line":74,"column":6},"end":{"line":88,"column":7}},{"start":{"line":74,"column":6},"end":{"line":88,"column":7}}],"line":74},"4":{"loc":{"start":{"line":99,"column":6},"end":{"line":143,"column":7}},"type":"if","locations":[{"start":{"line":99,"column":6},"end":{"line":143,"column":7}},{"start":{"line":99,"column":6},"end":{"line":143,"column":7}}],"line":99},"5":{"loc":{"start":{"line":128,"column":12},"end":{"line":130,"column":13}},"type":"if","locations":[{"start":{"line":128,"column":12},"end":{"line":130,"column":13}},{"start":{"line":128,"column":12},"end":{"line":130,"column":13}}],"line":128},"6":{"loc":{"start":{"line":183,"column":6},"end":{"line":193,"column":7}},"type":"if","locations":[{"start":{"line":183,"column":6},"end":{"line":193,"column":7}},{"start":{"line":183,"column":6},"end":{"line":193,"column":7}}],"line":183},"7":{"loc":{"start":{"line":204,"column":6},"end":{"line":212,"column":7}},"type":"if","locations":[{"start":{"line":204,"column":6},"end":{"line":212,"column":7}},{"start":{"line":204,"column":6},"end":{"line":212,"column":7}}],"line":204}},"s":{"0":1,"1":1,"2":1,"3":1,"4":1,"5":1,"6":1,"7":1,"8":1,"9":1,"10":1,"11":1,"12":1,"13":1,"14":6,"15":1,"16":2,"17":2,"18":2,"19":2,"20":0,"21":2,"22":1,"23":1,"24":6,"25":6,"26":5,"27":5,"28":5,"29":1,"30":0,"31":0,"32":0,"33":0,"34":0,"35":0,"36":0,"37":0,"38":0,"39":0,"40":0,"41":0,"42":0,"43":0,"44":1,"45":1,"46":0,"47":1,"48":1,"49":0,"50":1,"51":0,"52":2,"53":2,"54":1,"55":1,"56":1,"57":0},"f":{"0":6,"1":2,"2":1,"3":1,"4":6,"5":6,"6":0,"7":0,"8":0,"9":0,"10":0,"11":0,"12":1,"13":1,"14":0,"15":1,"16":1,"17":0,"18":2,"19":2,"20":0},"b":{"0":[2,4],"1":[6,6],"2":[0,2],"3":[5,1],"4":[0,0],"5":[0,0],"6":[0,1],"7":[1,1]},"_coverageSchema":"332fd63041d2c1bcb487cc26dd0d5f7d97098a6c","hash":"f90fb5e57f585156bc1ae508a5618e1191babc71","contentHash":"905b78888e6256e29a53583a83f2b5a3_11.1.0"},"/Users/andeladeveloper/Documents/Node_Project/PostIt/server/config.js":{"path":"/Users/andeladeveloper/Documents/Node_Project/PostIt/server/config.js","statementMap":{"0":{"start":{"line":3,"column":0},"end":{"line":5,"column":3}},"1":{"start":{"line":6,"column":0},"end":{"line":8,"column":2}}},"fnMap":{},"branchMap":{},"s":{"0":1,"1":1},"f":{},"b":{},"_coverageSchema":"332fd63041d2c1bcb487cc26dd0d5f7d97098a6c","hash":"e64247c35641ded6d39255b18331cb4e7e039bc9","contentHash":"5e16e9fff96927c1d7576a51db3932ff_11.1.0"},"/Users/andeladeveloper/Documents/Node_Project/PostIt/server/shared/validations/signup.js":{"path":"/Users/andeladeveloper/Documents/Node_Project/PostIt/server/shared/validations/signup.js","statementMap":{"0":{"start":{"line":3,"column":0},"end":{"line":5,"column":3}},"1":{"start":{"line":6,"column":0},"end":{"line":6,"column":32}},"2":{"start":{"line":8,"column":17},"end":{"line":8,"column":37}},"3":{"start":{"line":10,"column":18},"end":{"line":10,"column":52}},"4":{"start":{"line":12,"column":15},"end":{"line":12,"column":40}},"5":{"start":{"line":14,"column":16},"end":{"line":14,"column":48}},"6":{"start":{"line":16,"column":39},"end":{"line":16,"column":93}},"7":{"start":{"line":25,"column":15},"end":{"line":25,"column":17}},"8":{"start":{"line":28,"column":2},"end":{"line":32,"column":3}},"9":{"start":{"line":29,"column":4},"end":{"line":31,"column":5}},"10":{"start":{"line":30,"column":6},"end":{"line":30,"column":47}},"11":{"start":{"line":35,"column":2},"end":{"line":39,"column":3}},"12":{"start":{"line":36,"column":4},"end":{"line":38,"column":5}},"13":{"start":{"line":37,"column":6},"end":{"line":37,"column":48}},"14":{"start":{"line":42,"column":2},"end":{"line":46,"column":3}},"15":{"start":{"line":43,"column":4},"end":{"line":45,"column":5}},"16":{"start":{"line":44,"column":6},"end":{"line":44,"column":47}},"17":{"start":{"line":49,"column":2},"end":{"line":56,"column":3}},"18":{"start":{"line":50,"column":4},"end":{"line":52,"column":5}},"19":{"start":{"line":51,"column":6},"end":{"line":51,"column":41}},"20":{"start":{"line":53,"column":4},"end":{"line":55,"column":5}},"21":{"start":{"line":54,"column":6},"end":{"line":54,"column":40}},"22":{"start":{"line":59,"column":2},"end":{"line":63,"column":3}},"23":{"start":{"line":60,"column":4},"end":{"line":62,"column":5}},"24":{"start":{"line":61,"column":6},"end":{"line":61,"column":47}},"25":{"start":{"line":65,"column":2},"end":{"line":72,"column":3}},"26":{"start":{"line":66,"column":4},"end":{"line":68,"column":5}},"27":{"start":{"line":67,"column":6},"end":{"line":67,"column":50}},"28":{"start":{"line":69,"column":4},"end":{"line":71,"column":5}},"29":{"start":{"line":70,"column":6},"end":{"line":70,"column":56}},"30":{"start":{"line":74,"column":2},"end":{"line":77,"column":4}}},"fnMap":{"0":{"name":"_interopRequireDefault","decl":{"start":{"line":16,"column":9},"end":{"line":16,"column":31}},"loc":{"start":{"line":16,"column":37},"end":{"line":16,"column":95}},"line":16},"1":{"name":"validateInput","decl":{"start":{"line":24,"column":9},"end":{"line":24,"column":22}},"loc":{"start":{"line":24,"column":29},"end":{"line":78,"column":1}},"line":24}},"branchMap":{"0":{"loc":{"start":{"line":16,"column":46},"end":{"line":16,"column":92}},"type":"cond-expr","locations":[{"start":{"line":16,"column":70},"end":{"line":16,"column":73}},{"start":{"line":16,"column":76},"end":{"line":16,"column":92}}],"line":16},"1":{"loc":{"start":{"line":16,"column":46},"end":{"line":16,"column":67}},"type":"binary-expr","locations":[{"start":{"line":16,"column":46},"end":{"line":16,"column":49}},{"start":{"line":16,"column":53},"end":{"line":16,"column":67}}],"line":16},"2":{"loc":{"start":{"line":28,"column":2},"end":{"line":32,"column":3}},"type":"if","locations":[{"start":{"line":28,"column":2},"end":{"line":32,"column":3}},{"start":{"line":28,"column":2},"end":{"line":32,"column":3}}],"line":28},"3":{"loc":{"start":{"line":29,"column":4},"end":{"line":31,"column":5}},"type":"if","locations":[{"start":{"line":29,"column":4},"end":{"line":31,"column":5}},{"start":{"line":29,"column":4},"end":{"line":31,"column":5}}],"line":29},"4":{"loc":{"start":{"line":35,"column":2},"end":{"line":39,"column":3}},"type":"if","locations":[{"start":{"line":35,"column":2},"end":{"line":39,"column":3}},{"start":{"line":35,"column":2},"end":{"line":39,"column":3}}],"line":35},"5":{"loc":{"start":{"line":36,"column":4},"end":{"line":38,"column":5}},"type":"if","locations":[{"start":{"line":36,"column":4},"end":{"line":38,"column":5}},{"start":{"line":36,"column":4},"end":{"line":38,"column":5}}],"line":36},"6":{"loc":{"start":{"line":42,"column":2},"end":{"line":46,"column":3}},"type":"if","locations":[{"start":{"line":42,"column":2},"end":{"line":46,"column":3}},{"start":{"line":42,"column":2},"end":{"line":46,"column":3}}],"line":42},"7":{"loc":{"start":{"line":43,"column":4},"end":{"line":45,"column":5}},"type":"if","locations":[{"start":{"line":43,"column":4},"end":{"line":45,"column":5}},{"start":{"line":43,"column":4},"end":{"line":45,"column":5}}],"line":43},"8":{"loc":{"start":{"line":49,"column":2},"end":{"line":56,"column":3}},"type":"if","locations":[{"start":{"line":49,"column":2},"end":{"line":56,"column":3}},{"start":{"line":49,"column":2},"end":{"line":56,"column":3}}],"line":49},"9":{"loc":{"start":{"line":50,"column":4},"end":{"line":52,"column":5}},"type":"if","locations":[{"start":{"line":50,"column":4},"end":{"line":52,"column":5}},{"start":{"line":50,"column":4},"end":{"line":52,"column":5}}],"line":50},"10":{"loc":{"start":{"line":53,"column":4},"end":{"line":55,"column":5}},"type":"if","locations":[{"start":{"line":53,"column":4},"end":{"line":55,"column":5}},{"start":{"line":53,"column":4},"end":{"line":55,"column":5}}],"line":53},"11":{"loc":{"start":{"line":59,"column":2},"end":{"line":63,"column":3}},"type":"if","locations":[{"start":{"line":59,"column":2},"end":{"line":63,"column":3}},{"start":{"line":59,"column":2},"end":{"line":63,"column":3}}],"line":59},"12":{"loc":{"start":{"line":60,"column":4},"end":{"line":62,"column":5}},"type":"if","locations":[{"start":{"line":60,"column":4},"end":{"line":62,"column":5}},{"start":{"line":60,"column":4},"end":{"line":62,"column":5}}],"line":60},"13":{"loc":{"start":{"line":65,"column":2},"end":{"line":72,"column":3}},"type":"if","locations":[{"start":{"line":65,"column":2},"end":{"line":72,"column":3}},{"start":{"line":65,"column":2},"end":{"line":72,"column":3}}],"line":65},"14":{"loc":{"start":{"line":66,"column":4},"end":{"line":68,"column":5}},"type":"if","locations":[{"start":{"line":66,"column":4},"end":{"line":68,"column":5}},{"start":{"line":66,"column":4},"end":{"line":68,"column":5}}],"line":66},"15":{"loc":{"start":{"line":69,"column":4},"end":{"line":71,"column":5}},"type":"if","locations":[{"start":{"line":69,"column":4},"end":{"line":71,"column":5}},{"start":{"line":69,"column":4},"end":{"line":71,"column":5}}],"line":69}},"s":{"0":1,"1":1,"2":1,"3":1,"4":1,"5":1,"6":2,"7":8,"8":8,"9":7,"10":0,"11":8,"12":8,"13":0,"14":8,"15":8,"16":2,"17":8,"18":8,"19":0,"20":8,"21":4,"22":8,"23":8,"24":0,"25":8,"26":6,"27":0,"28":6,"29":6,"30":8},"f":{"0":2,"1":8},"b":{"0":[0,2],"1":[2,2],"2":[7,1],"3":[0,7],"4":[8,0],"5":[0,8],"6":[8,0],"7":[2,6],"8":[8,0],"9":[0,8],"10":[4,4],"11":[8,0],"12":[0,8],"13":[6,2],"14":[0,6],"15":[6,0]},"_coverageSchema":"332fd63041d2c1bcb487cc26dd0d5f7d97098a6c","hash":"ddf13df379a3705a8fa7a037358ebcf047bfc274","contentHash":"66a292be1846399d645aada37cb514e6_11.1.0"},"/Users/andeladeveloper/Documents/Node_Project/PostIt/server/controller/group.js":{"path":"/Users/andeladeveloper/Documents/Node_Project/PostIt/server/controller/group.js","statementMap":{"0":{"start":{"line":3,"column":0},"end":{"line":5,"column":3}},"1":{"start":{"line":7,"column":14},"end":{"line":7,"column":34}},"2":{"start":{"line":9,"column":0},"end":{"line":62,"column":2}},"3":{"start":{"line":12,"column":4},"end":{"line":33,"column":7}},"4":{"start":{"line":16,"column":6},"end":{"line":26,"column":9}},"5":{"start":{"line":20,"column":8},"end":{"line":23,"column":11}},"6":{"start":{"line":25,"column":8},"end":{"line":25,"column":43}},"7":{"start":{"line":28,"column":6},"end":{"line":32,"column":9}},"8":{"start":{"line":38,"column":4},"end":{"line":48,"column":7}},"9":{"start":{"line":42,"column":6},"end":{"line":42,"column":42}},"10":{"start":{"line":44,"column":6},"end":{"line":47,"column":9}},"11":{"start":{"line":53,"column":4},"end":{"line":60,"column":7}},"12":{"start":{"line":57,"column":6},"end":{"line":57,"column":41}},"13":{"start":{"line":59,"column":6},"end":{"line":59,"column":34}}},"fnMap":{"0":{"name":"create","decl":{"start":{"line":11,"column":19},"end":{"line":11,"column":25}},"loc":{"start":{"line":11,"column":36},"end":{"line":34,"column":3}},"line":11},"1":{"name":"(anonymous_1)","decl":{"start":{"line":15,"column":12},"end":{"line":15,"column":13}},"loc":{"start":{"line":15,"column":29},"end":{"line":27,"column":5}},"line":15},"2":{"name":"(anonymous_2)","decl":{"start":{"line":19,"column":14},"end":{"line":19,"column":15}},"loc":{"start":{"line":19,"column":26},"end":{"line":24,"column":7}},"line":19},"3":{"name":"(anonymous_3)","decl":{"start":{"line":24,"column":15},"end":{"line":24,"column":16}},"loc":{"start":{"line":24,"column":32},"end":{"line":26,"column":7}},"line":24},"4":{"name":"(anonymous_4)","decl":{"start":{"line":27,"column":13},"end":{"line":27,"column":14}},"loc":{"start":{"line":27,"column":30},"end":{"line":33,"column":5}},"line":27},"5":{"name":"retrieve","decl":{"start":{"line":37,"column":21},"end":{"line":37,"column":29}},"loc":{"start":{"line":37,"column":40},"end":{"line":49,"column":3}},"line":37},"6":{"name":"(anonymous_6)","decl":{"start":{"line":41,"column":12},"end":{"line":41,"column":13}},"loc":{"start":{"line":41,"column":30},"end":{"line":43,"column":5}},"line":41},"7":{"name":"(anonymous_7)","decl":{"start":{"line":43,"column":13},"end":{"line":43,"column":14}},"loc":{"start":{"line":43,"column":30},"end":{"line":48,"column":5}},"line":43},"8":{"name":"fetchGroupByCreator","decl":{"start":{"line":52,"column":32},"end":{"line":52,"column":51}},"loc":{"start":{"line":52,"column":62},"end":{"line":61,"column":3}},"line":52},"9":{"name":"(anonymous_9)","decl":{"start":{"line":56,"column":12},"end":{"line":56,"column":13}},"loc":{"start":{"line":56,"column":29},"end":{"line":58,"column":5}},"line":56},"10":{"name":"(anonymous_10)","decl":{"start":{"line":58,"column":13},"end":{"line":58,"column":14}},"loc":{"start":{"line":58,"column":30},"end":{"line":60,"column":5}},"line":58}},"branchMap":{},"s":{"0":1,"1":1,"2":1,"3":3,"4":1,"5":1,"6":0,"7":2,"8":1,"9":1,"10":0,"11":2,"12":1,"13":1},"f":{"0":3,"1":1,"2":1,"3":0,"4":2,"5":1,"6":1,"7":0,"8":2,"9":1,"10":1},"b":{},"_coverageSchema":"332fd63041d2c1bcb487cc26dd0d5f7d97098a6c","hash":"b08f94ba640c2c1ab7f06d87929c4767aeb7b749","contentHash":"75117f0d4123882ac537898865226592_11.1.0"},"/Users/andeladeveloper/Documents/Node_Project/PostIt/server/controller/groupUser.js":{"path":"/Users/andeladeveloper/Documents/Node_Project/PostIt/server/controller/groupUser.js","statementMap":{"0":{"start":{"line":3,"column":0},"end":{"line":5,"column":3}},"1":{"start":{"line":7,"column":14},"end":{"line":7,"column":34}},"2":{"start":{"line":9,"column":0},"end":{"line":133,"column":2}},"3":{"start":{"line":12,"column":4},"end":{"line":40,"column":7}},"4":{"start":{"line":18,"column":6},"end":{"line":33,"column":7}},"5":{"start":{"line":19,"column":8},"end":{"line":32,"column":11}},"6":{"start":{"line":23,"column":10},"end":{"line":27,"column":13}},"7":{"start":{"line":29,"column":10},"end":{"line":31,"column":13}},"8":{"start":{"line":34,"column":6},"end":{"line":37,"column":9}},"9":{"start":{"line":39,"column":6},"end":{"line":39,"column":41}},"10":{"start":{"line":46,"column":19},"end":{"line":46,"column":36}},"11":{"start":{"line":48,"column":4},"end":{"line":69,"column":7}},"12":{"start":{"line":59,"column":6},"end":{"line":63,"column":7}},"13":{"start":{"line":60,"column":8},"end":{"line":62,"column":11}},"14":{"start":{"line":64,"column":6},"end":{"line":64,"column":40}},"15":{"start":{"line":66,"column":6},"end":{"line":68,"column":9}},"16":{"start":{"line":74,"column":13},"end":{"line":74,"column":26}},"17":{"start":{"line":76,"column":4},"end":{"line":97,"column":7}},"18":{"start":{"line":87,"column":6},"end":{"line":91,"column":7}},"19":{"start":{"line":88,"column":8},"end":{"line":90,"column":11}},"20":{"start":{"line":92,"column":6},"end":{"line":92,"column":41}},"21":{"start":{"line":94,"column":6},"end":{"line":96,"column":9}},"22":{"start":{"line":113,"column":4},"end":{"line":119,"column":7}},"23":{"start":{"line":116,"column":6},"end":{"line":116,"column":41}},"24":{"start":{"line":118,"column":6},"end":{"line":118,"column":41}},"25":{"start":{"line":124,"column":4},"end":{"line":131,"column":7}},"26":{"start":{"line":128,"column":6},"end":{"line":128,"column":41}},"27":{"start":{"line":130,"column":6},"end":{"line":130,"column":41}}},"fnMap":{"0":{"name":"create","decl":{"start":{"line":11,"column":19},"end":{"line":11,"column":25}},"loc":{"start":{"line":11,"column":36},"end":{"line":41,"column":3}},"line":11},"1":{"name":"(anonymous_1)","decl":{"start":{"line":17,"column":12},"end":{"line":17,"column":13}},"loc":{"start":{"line":17,"column":30},"end":{"line":38,"column":5}},"line":17},"2":{"name":"(anonymous_2)","decl":{"start":{"line":22,"column":16},"end":{"line":22,"column":17}},"loc":{"start":{"line":22,"column":28},"end":{"line":28,"column":9}},"line":22},"3":{"name":"(anonymous_3)","decl":{"start":{"line":28,"column":17},"end":{"line":28,"column":18}},"loc":{"start":{"line":28,"column":29},"end":{"line":32,"column":9}},"line":28},"4":{"name":"(anonymous_4)","decl":{"start":{"line":38,"column":13},"end":{"line":38,"column":14}},"loc":{"start":{"line":38,"column":30},"end":{"line":40,"column":5}},"line":38},"5":{"name":"fetchUserAndGroup","decl":{"start":{"line":45,"column":30},"end":{"line":45,"column":47}},"loc":{"start":{"line":45,"column":58},"end":{"line":70,"column":3}},"line":45},"6":{"name":"(anonymous_6)","decl":{"start":{"line":58,"column":12},"end":{"line":58,"column":13}},"loc":{"start":{"line":58,"column":28},"end":{"line":65,"column":5}},"line":58},"7":{"name":"(anonymous_7)","decl":{"start":{"line":65,"column":13},"end":{"line":65,"column":14}},"loc":{"start":{"line":65,"column":25},"end":{"line":69,"column":5}},"line":65},"8":{"name":"fetchMembersOfGroup","decl":{"start":{"line":73,"column":32},"end":{"line":73,"column":51}},"loc":{"start":{"line":73,"column":62},"end":{"line":98,"column":3}},"line":73},"9":{"name":"(anonymous_9)","decl":{"start":{"line":86,"column":12},"end":{"line":86,"column":13}},"loc":{"start":{"line":86,"column":29},"end":{"line":93,"column":5}},"line":86},"10":{"name":"(anonymous_10)","decl":{"start":{"line":93,"column":13},"end":{"line":93,"column":14}},"loc":{"start":{"line":93,"column":25},"end":{"line":97,"column":5}},"line":93},"11":{"name":"list","decl":{"start":{"line":112,"column":17},"end":{"line":112,"column":21}},"loc":{"start":{"line":112,"column":32},"end":{"line":120,"column":3}},"line":112},"12":{"name":"(anonymous_12)","decl":{"start":{"line":115,"column":12},"end":{"line":115,"column":13}},"loc":{"start":{"line":115,"column":29},"end":{"line":117,"column":5}},"line":115},"13":{"name":"(anonymous_13)","decl":{"start":{"line":117,"column":13},"end":{"line":117,"column":14}},"loc":{"start":{"line":117,"column":30},"end":{"line":119,"column":5}},"line":117},"14":{"name":"searchUser","decl":{"start":{"line":123,"column":23},"end":{"line":123,"column":33}},"loc":{"start":{"line":123,"column":44},"end":{"line":132,"column":3}},"line":123},"15":{"name":"(anonymous_15)","decl":{"start":{"line":127,"column":12},"end":{"line":127,"column":13}},"loc":{"start":{"line":127,"column":29},"end":{"line":129,"column":5}},"line":127},"16":{"name":"(anonymous_16)","decl":{"start":{"line":129,"column":13},"end":{"line":129,"column":14}},"loc":{"start":{"line":129,"column":30},"end":{"line":131,"column":5}},"line":129}},"branchMap":{"0":{"loc":{"start":{"line":18,"column":6},"end":{"line":33,"column":7}},"type":"if","locations":[{"start":{"line":18,"column":6},"end":{"line":33,"column":7}},{"start":{"line":18,"column":6},"end":{"line":33,"column":7}}],"line":18},"1":{"loc":{"start":{"line":59,"column":6},"end":{"line":63,"column":7}},"type":"if","locations":[{"start":{"line":59,"column":6},"end":{"line":63,"column":7}},{"start":{"line":59,"column":6},"end":{"line":63,"column":7}}],"line":59},"2":{"loc":{"start":{"line":87,"column":6},"end":{"line":91,"column":7}},"type":"if","locations":[{"start":{"line":87,"column":6},"end":{"line":91,"column":7}},{"start":{"line":87,"column":6},"end":{"line":91,"column":7}}],"line":87}},"s":{"0":1,"1":1,"2":1,"3":2,"4":2,"5":2,"6":1,"7":1,"8":0,"9":0,"10":1,"11":1,"12":1,"13":0,"14":1,"15":0,"16":2,"17":2,"18":2,"19":0,"20":1,"21":1,"22":1,"23":1,"24":0,"25":1,"26":1,"27":0},"f":{"0":2,"1":2,"2":1,"3":1,"4":0,"5":1,"6":1,"7":0,"8":2,"9":2,"10":1,"11":1,"12":1,"13":0,"14":1,"15":1,"16":0},"b":{"0":[2,0],"1":[0,1],"2":[0,1]},"_coverageSchema":"332fd63041d2c1bcb487cc26dd0d5f7d97098a6c","hash":"0f86ad4e13ae4d5fd328a3c02f2b0c0848930614","contentHash":"9b57478f90d3fd99a8a5c44650a20129_11.1.0"},"/Users/andeladeveloper/Documents/Node_Project/PostIt/server/controller/message.js":{"path":"/Users/andeladeveloper/Documents/Node_Project/PostIt/server/controller/message.js","statementMap":{"0":{"start":{"line":3,"column":0},"end":{"line":5,"column":3}},"1":{"start":{"line":7,"column":14},"end":{"line":7,"column":34}},"2":{"start":{"line":9,"column":16},"end":{"line":9,"column":44}},"3":{"start":{"line":11,"column":17},"end":{"line":11,"column":50}},"4":{"start":{"line":13,"column":15},"end":{"line":13,"column":42}},"5":{"start":{"line":15,"column":16},"end":{"line":15,"column":48}},"6":{"start":{"line":17,"column":39},"end":{"line":17,"column":93}},"7":{"start":{"line":22,"column":0},"end":{"line":257,"column":2}},"8":{"start":{"line":25,"column":4},"end":{"line":67,"column":7}},"9":{"start":{"line":31,"column":6},"end":{"line":62,"column":17}},"10":{"start":{"line":43,"column":8},"end":{"line":61,"column":9}},"11":{"start":{"line":44,"column":10},"end":{"line":51,"column":11}},"12":{"start":{"line":46,"column":12},"end":{"line":46,"column":66}},"13":{"start":{"line":47,"column":17},"end":{"line":51,"column":11}},"14":{"start":{"line":49,"column":12},"end":{"line":49,"column":66}},"15":{"start":{"line":50,"column":12},"end":{"line":50,"column":65}},"16":{"start":{"line":52,"column":10},"end":{"line":60,"column":13}},"17":{"start":{"line":64,"column":6},"end":{"line":66,"column":9}},"18":{"start":{"line":73,"column":4},"end":{"line":93,"column":7}},"19":{"start":{"line":84,"column":6},"end":{"line":88,"column":7}},"20":{"start":{"line":85,"column":8},"end":{"line":87,"column":11}},"21":{"start":{"line":90,"column":6},"end":{"line":90,"column":40}},"22":{"start":{"line":92,"column":6},"end":{"line":92,"column":34}},"23":{"start":{"line":101,"column":4},"end":{"line":143,"column":7}},"24":{"start":{"line":107,"column":6},"end":{"line":140,"column":7}},"25":{"start":{"line":108,"column":8},"end":{"line":139,"column":11}},"26":{"start":{"line":114,"column":10},"end":{"line":132,"column":11}},"27":{"start":{"line":115,"column":12},"end":{"line":131,"column":15}},"28":{"start":{"line":122,"column":14},"end":{"line":125,"column":17}},"29":{"start":{"line":127,"column":14},"end":{"line":130,"column":17}},"30":{"start":{"line":133,"column":10},"end":{"line":136,"column":13}},"31":{"start":{"line":138,"column":10},"end":{"line":138,"column":45}},"32":{"start":{"line":142,"column":6},"end":{"line":142,"column":41}},"33":{"start":{"line":148,"column":4},"end":{"line":179,"column":7}},"34":{"start":{"line":168,"column":6},"end":{"line":176,"column":7}},"35":{"start":{"line":169,"column":8},"end":{"line":171,"column":11}},"36":{"start":{"line":173,"column":8},"end":{"line":175,"column":11}},"37":{"start":{"line":178,"column":6},"end":{"line":178,"column":41}},"38":{"start":{"line":185,"column":4},"end":{"line":227,"column":7}},"39":{"start":{"line":190,"column":6},"end":{"line":224,"column":7}},"40":{"start":{"line":191,"column":8},"end":{"line":223,"column":11}},"41":{"start":{"line":197,"column":10},"end":{"line":216,"column":11}},"42":{"start":{"line":198,"column":12},"end":{"line":215,"column":15}},"43":{"start":{"line":206,"column":14},"end":{"line":209,"column":17}},"44":{"start":{"line":211,"column":14},"end":{"line":214,"column":17}},"45":{"start":{"line":217,"column":10},"end":{"line":220,"column":13}},"46":{"start":{"line":222,"column":10},"end":{"line":222,"column":45}},"47":{"start":{"line":226,"column":6},"end":{"line":226,"column":41}},"48":{"start":{"line":232,"column":4},"end":{"line":255,"column":7}},"49":{"start":{"line":244,"column":6},"end":{"line":252,"column":7}},"50":{"start":{"line":245,"column":8},"end":{"line":247,"column":11}},"51":{"start":{"line":249,"column":8},"end":{"line":251,"column":11}},"52":{"start":{"line":254,"column":6},"end":{"line":254,"column":41}}},"fnMap":{"0":{"name":"_interopRequireDefault","decl":{"start":{"line":17,"column":9},"end":{"line":17,"column":31}},"loc":{"start":{"line":17,"column":37},"end":{"line":17,"column":95}},"line":17},"1":{"name":"create","decl":{"start":{"line":24,"column":19},"end":{"line":24,"column":25}},"loc":{"start":{"line":24,"column":36},"end":{"line":68,"column":3}},"line":24},"2":{"name":"(anonymous_2)","decl":{"start":{"line":30,"column":12},"end":{"line":30,"column":13}},"loc":{"start":{"line":30,"column":31},"end":{"line":63,"column":5}},"line":30},"3":{"name":"(anonymous_3)","decl":{"start":{"line":41,"column":14},"end":{"line":41,"column":15}},"loc":{"start":{"line":41,"column":31},"end":{"line":62,"column":7}},"line":41},"4":{"name":"(anonymous_4)","decl":{"start":{"line":63,"column":13},"end":{"line":63,"column":14}},"loc":{"start":{"line":63,"column":25},"end":{"line":67,"column":5}},"line":63},"5":{"name":"retrieve","decl":{"start":{"line":72,"column":21},"end":{"line":72,"column":29}},"loc":{"start":{"line":72,"column":40},"end":{"line":94,"column":3}},"line":72},"6":{"name":"(anonymous_6)","decl":{"start":{"line":83,"column":12},"end":{"line":83,"column":13}},"loc":{"start":{"line":83,"column":28},"end":{"line":91,"column":5}},"line":83},"7":{"name":"(anonymous_7)","decl":{"start":{"line":91,"column":13},"end":{"line":91,"column":14}},"loc":{"start":{"line":91,"column":30},"end":{"line":93,"column":5}},"line":91},"8":{"name":"addMessageNotification","decl":{"start":{"line":99,"column":35},"end":{"line":99,"column":57}},"loc":{"start":{"line":99,"column":68},"end":{"line":144,"column":3}},"line":99},"9":{"name":"(anonymous_9)","decl":{"start":{"line":105,"column":12},"end":{"line":105,"column":13}},"loc":{"start":{"line":105,"column":34},"end":{"line":141,"column":5}},"line":105},"10":{"name":"(anonymous_10)","decl":{"start":{"line":113,"column":16},"end":{"line":113,"column":17}},"loc":{"start":{"line":113,"column":34},"end":{"line":137,"column":9}},"line":113},"11":{"name":"(anonymous_11)","decl":{"start":{"line":121,"column":20},"end":{"line":121,"column":21}},"loc":{"start":{"line":121,"column":32},"end":{"line":126,"column":13}},"line":121},"12":{"name":"(anonymous_12)","decl":{"start":{"line":126,"column":21},"end":{"line":126,"column":22}},"loc":{"start":{"line":126,"column":38},"end":{"line":131,"column":13}},"line":126},"13":{"name":"(anonymous_13)","decl":{"start":{"line":137,"column":17},"end":{"line":137,"column":18}},"loc":{"start":{"line":137,"column":34},"end":{"line":139,"column":9}},"line":137},"14":{"name":"(anonymous_14)","decl":{"start":{"line":141,"column":13},"end":{"line":141,"column":14}},"loc":{"start":{"line":141,"column":30},"end":{"line":143,"column":5}},"line":141},"15":{"name":"getMessageNotification","decl":{"start":{"line":147,"column":35},"end":{"line":147,"column":57}},"loc":{"start":{"line":147,"column":68},"end":{"line":180,"column":3}},"line":147},"16":{"name":"(anonymous_16)","decl":{"start":{"line":167,"column":12},"end":{"line":167,"column":13}},"loc":{"start":{"line":167,"column":34},"end":{"line":177,"column":5}},"line":167},"17":{"name":"(anonymous_17)","decl":{"start":{"line":177,"column":13},"end":{"line":177,"column":14}},"loc":{"start":{"line":177,"column":30},"end":{"line":179,"column":5}},"line":177},"18":{"name":"updateMessageNotification","decl":{"start":{"line":184,"column":38},"end":{"line":184,"column":63}},"loc":{"start":{"line":184,"column":74},"end":{"line":228,"column":3}},"line":184},"19":{"name":"(anonymous_19)","decl":{"start":{"line":189,"column":12},"end":{"line":189,"column":13}},"loc":{"start":{"line":189,"column":34},"end":{"line":225,"column":5}},"line":189},"20":{"name":"(anonymous_20)","decl":{"start":{"line":196,"column":16},"end":{"line":196,"column":17}},"loc":{"start":{"line":196,"column":34},"end":{"line":221,"column":9}},"line":196},"21":{"name":"(anonymous_21)","decl":{"start":{"line":205,"column":20},"end":{"line":205,"column":21}},"loc":{"start":{"line":205,"column":32},"end":{"line":210,"column":13}},"line":205},"22":{"name":"(anonymous_22)","decl":{"start":{"line":210,"column":21},"end":{"line":210,"column":22}},"loc":{"start":{"line":210,"column":38},"end":{"line":215,"column":13}},"line":210},"23":{"name":"(anonymous_23)","decl":{"start":{"line":221,"column":17},"end":{"line":221,"column":18}},"loc":{"start":{"line":221,"column":34},"end":{"line":223,"column":9}},"line":221},"24":{"name":"(anonymous_24)","decl":{"start":{"line":225,"column":13},"end":{"line":225,"column":14}},"loc":{"start":{"line":225,"column":30},"end":{"line":227,"column":5}},"line":225},"25":{"name":"getUsersWhoReadMessagesInGroup","decl":{"start":{"line":231,"column":43},"end":{"line":231,"column":73}},"loc":{"start":{"line":231,"column":84},"end":{"line":256,"column":3}},"line":231},"26":{"name":"(anonymous_26)","decl":{"start":{"line":243,"column":12},"end":{"line":243,"column":13}},"loc":{"start":{"line":243,"column":40},"end":{"line":253,"column":5}},"line":243},"27":{"name":"(anonymous_27)","decl":{"start":{"line":253,"column":13},"end":{"line":253,"column":14}},"loc":{"start":{"line":253,"column":30},"end":{"line":255,"column":5}},"line":253}},"branchMap":{"0":{"loc":{"start":{"line":17,"column":46},"end":{"line":17,"column":92}},"type":"cond-expr","locations":[{"start":{"line":17,"column":70},"end":{"line":17,"column":73}},{"start":{"line":17,"column":76},"end":{"line":17,"column":92}}],"line":17},"1":{"loc":{"start":{"line":17,"column":46},"end":{"line":17,"column":67}},"type":"binary-expr","locations":[{"start":{"line":17,"column":46},"end":{"line":17,"column":49}},{"start":{"line":17,"column":53},"end":{"line":17,"column":67}}],"line":17},"2":{"loc":{"start":{"line":43,"column":8},"end":{"line":61,"column":9}},"type":"if","locations":[{"start":{"line":43,"column":8},"end":{"line":61,"column":9}},{"start":{"line":43,"column":8},"end":{"line":61,"column":9}}],"line":43},"3":{"loc":{"start":{"line":44,"column":10},"end":{"line":51,"column":11}},"type":"if","locations":[{"start":{"line":44,"column":10},"end":{"line":51,"column":11}},{"start":{"line":44,"column":10},"end":{"line":51,"column":11}}],"line":44},"4":{"loc":{"start":{"line":47,"column":17},"end":{"line":51,"column":11}},"type":"if","locations":[{"start":{"line":47,"column":17},"end":{"line":51,"column":11}},{"start":{"line":47,"column":17},"end":{"line":51,"column":11}}],"line":47},"5":{"loc":{"start":{"line":84,"column":6},"end":{"line":88,"column":7}},"type":"if","locations":[{"start":{"line":84,"column":6},"end":{"line":88,"column":7}},{"start":{"line":84,"column":6},"end":{"line":88,"column":7}}],"line":84},"6":{"loc":{"start":{"line":107,"column":6},"end":{"line":140,"column":7}},"type":"if","locations":[{"start":{"line":107,"column":6},"end":{"line":140,"column":7}},{"start":{"line":107,"column":6},"end":{"line":140,"column":7}}],"line":107},"7":{"loc":{"start":{"line":114,"column":10},"end":{"line":132,"column":11}},"type":"if","locations":[{"start":{"line":114,"column":10},"end":{"line":132,"column":11}},{"start":{"line":114,"column":10},"end":{"line":132,"column":11}}],"line":114},"8":{"loc":{"start":{"line":168,"column":6},"end":{"line":176,"column":7}},"type":"if","locations":[{"start":{"line":168,"column":6},"end":{"line":176,"column":7}},{"start":{"line":168,"column":6},"end":{"line":176,"column":7}}],"line":168},"9":{"loc":{"start":{"line":190,"column":6},"end":{"line":224,"column":7}},"type":"if","locations":[{"start":{"line":190,"column":6},"end":{"line":224,"column":7}},{"start":{"line":190,"column":6},"end":{"line":224,"column":7}}],"line":190},"10":{"loc":{"start":{"line":197,"column":10},"end":{"line":216,"column":11}},"type":"if","locations":[{"start":{"line":197,"column":10},"end":{"line":216,"column":11}},{"start":{"line":197,"column":10},"end":{"line":216,"column":11}}],"line":197},"11":{"loc":{"start":{"line":244,"column":6},"end":{"line":252,"column":7}},"type":"if","locations":[{"start":{"line":244,"column":6},"end":{"line":252,"column":7}},{"start":{"line":244,"column":6},"end":{"line":252,"column":7}}],"line":244}},"s":{"0":1,"1":1,"2":1,"3":1,"4":1,"5":1,"6":2,"7":1,"8":1,"9":1,"10":1,"11":1,"12":0,"13":1,"14":0,"15":0,"16":1,"17":0,"18":2,"19":2,"20":1,"21":1,"22":0,"23":2,"24":2,"25":2,"26":2,"27":1,"28":1,"29":0,"30":1,"31":0,"32":0,"33":2,"34":2,"35":1,"36":1,"37":0,"38":3,"39":3,"40":3,"41":3,"42":1,"43":1,"44":0,"45":2,"46":0,"47":0,"48":2,"49":2,"50":1,"51":1,"52":0},"f":{"0":2,"1":1,"2":1,"3":1,"4":0,"5":2,"6":2,"7":0,"8":2,"9":2,"10":2,"11":1,"12":0,"13":0,"14":0,"15":2,"16":2,"17":0,"18":3,"19":3,"20":3,"21":1,"22":0,"23":0,"24":0,"25":2,"26":2,"27":0},"b":{"0":[2,0],"1":[2,2],"2":[1,0],"3":[0,1],"4":[0,1],"5":[1,1],"6":[2,0],"7":[1,1],"8":[1,1],"9":[3,0],"10":[1,2],"11":[1,1]},"_coverageSchema":"332fd63041d2c1bcb487cc26dd0d5f7d97098a6c","hash":"ea676f306ec5642dcbd4460a1d136f4481ec0adb","contentHash":"5d2f03119c9864763b9216e12767e655_11.1.0"},"/Users/andeladeveloper/Documents/Node_Project/PostIt/server/utils/sendMail.js":{"path":"/Users/andeladeveloper/Documents/Node_Project/PostIt/server/utils/sendMail.js","statementMap":{"0":{"start":{"line":3,"column":0},"end":{"line":5,"column":3}},"1":{"start
[...]
line":5,"column":13},"end":{"line":5,"column":42}},"2":{"start":{"line":7,"column":16},"end":{"line":7,"column":36}},"3":{"start":{"line":9,"column":17},"end":{"line":9,"column":50}},"4":{"start":{"line":11,"column":15},"end":{"line":11,"column":42}},"5":{"start":{"line":13,"column":16},"end":{"line":13,"column":48}},"6":{"start":{"line":15,"column":39},"end":{"line":15,"column":93}},"7":{"start":{"line":18,"column":0},"end":{"line":18,"column":30}},"8":{"start":{"line":21,"column":13},"end":{"line":21,"column":36}},"9":{"start":{"line":23,"column":0},"end":{"line":23,"column":39}},"10":{"start":{"line":25,"column":0},"end":{"line":32,"column":3}},"11":{"start":{"line":27,"column":2},"end":{"line":31,"column":5}},"12":{"start":{"line":28,"column":4},"end":{"line":30,"column":7}},"13":{"start":{"line":29,"column":6},"end":{"line":29,"column":48}}},"fnMap":{"0":{"name":"_interopRequireDefault","decl":{"start":{"line":15,"column":9},"end":{"line":15,"column":31}},"loc":{"start":{"line":15,"column":37},"end":{"line":15,"column":95}},"line":15},"1":{"name":"(anonymous_1)","decl":{"start":{"line":25,"column":20},"end":{"line":25,"column":21}},"loc":{"start":{"line":25,"column":32},"end":{"line":32,"column":1}},"line":25},"2":{"name":"(anonymous_2)","decl":{"start":{"line":27,"column":23},"end":{"line":27,"column":24}},"loc":{"start":{"line":27,"column":35},"end":{"line":31,"column":3}},"line":27},"3":{"name":"(anonymous_3)","decl":{"start":{"line":28,"column":35},"end":{"line":28,"column":36}},"loc":{"start":{"line":28,"column":47},"end":{"line":30,"column":5}},"line":28}},"branchMap":{"0":{"loc":{"start":{"line":15,"column":46},"end":{"line":15,"column":92}},"type":"cond-expr","locations":[{"start":{"line":15,"column":70},"end":{"line":15,"column":73}},{"start":{"line":15,"column":76},"end":{"line":15,"column":92}}],"line":15},"1":{"loc":{"start":{"line":15,"column":46},"end":{"line":15,"column":67}},"type":"binary-expr","locations":[{"start":{"line":15,"column":46},"end":{"line":15,"column":49}},{"start":{"line":15,"column":53},"end":{"line":15,"column":67}}],"line":15}},"s":{"0":1,"1":1,"2":1,"3":1,"4":1,"5":1,"6":3,"7":1,"8":1,"9":1,"10":1,"11":1,"12":1,"13":1},"f":{"0":3,"1":1,"2":1,"3":1},"b":{"0":[1,2],"1":[3,3]},"_coverageSchema":"332fd63041d2c1bcb487cc26dd0d5f7d97098a6c","hash":"f1e1c915c9a3b5ec31ec370f66c45c23204fb287","contentHash":"2953c3adbb05a70f807997d3982a099b_11.1.0"},"/Users/andeladeveloper/Documents/Node_Project/PostIt/server/test/signUpValidationsTest.js":{"path":"/Users/andeladeveloper/Documents/Node_Project/PostIt/server/test/signUpValidationsTest.js","statementMap":{"0":{"start":{"line":3,"column":12},"end":{"line":3,"column":27}},"1":{"start":{"line":5,"column":13},"end":{"line":5,"column":42}},"2":{"start":{"line":7,"column":16},"end":{"line":7,"column":36}},"3":{"start":{"line":9,"column":17},"end":{"line":9,"column":50}},"4":{"start":{"line":11,"column":14},"end":{"line":11,"column":53}},"5":{"start":{"line":13,"column":15},"end":{"line":13,"column":46}},"6":{"start":{"line":15,"column":39},"end":{"line":15,"column":93}},"7":{"start":{"line":18,"column":0},"end":{"line":18,"column":30}},"8":{"start":{"line":21,"column":13},"end":{"line":21,"column":36}},"9":{"start":{"line":23,"column":0},"end":{"line":23,"column":39}},"10":{"start":{"line":25,"column":0},"end":{"line":72,"column":3}},"11":{"start":{"line":27,"column":13},"end":{"line":33,"column":3}},"12":{"start":{"line":34,"column":2},"end":{"line":38,"column":5}},"13":{"start":{"line":35,"column":4},"end":{"line":37,"column":7}},"14":{"start":{"line":36,"column":6},"end":{"line":36,"column":47}},"15":{"start":{"line":40,"column":2},"end":{"line":71,"column":5}},"16":{"start":{"line":41,"column":4},"end":{"line":45,"column":7}},"17":{"start":{"line":42,"column":6},"end":{"line":42,"column":32}},"18":{"start":{"line":43,"column":6},"end":{"line":43,"column":116}},"19":{"start":{"line":44,"column":6},"end":{"line":44,"column":77}},"20":{"start":{"line":46,"column":4},"end":{"line":51,"column":7}},"21":{"start":{"line":47,"column":6},"end":{"line":47,"column":26}},"22":{"start":{"line":48,"column":6},"end":{"line":49,"column":53}},"23":{"start":{"line":50,"column":6},"end":{"line":50,"column":77}},"24":{"start":{"line":52,"column":4},"end":{"line":58,"column":7}},"25":{"start":{"line":53,"column":6},"end":{"line":53,"column":26}},"26":{"start":{"line":54,"column":6},"end":{"line":56,"column":44}},"27":{"start":{"line":57,"column":6},"end":{"line":57,"column":77}}},"fnMap":{"0":{"name":"_interopRequireDefault","decl":{"start":{"line":15,"column":9},"end":{"line":15,"column":31}},"loc":{"start":{"line":15,"column":37},"end":{"line":15,"column":95}},"line":15},"1":{"name":"(anonymous_1)","decl":{"start":{"line":25,"column":29},"end":{"line":25,"column":30}},"loc":{"start":{"line":25,"column":41},"end":{"line":72,"column":1}},"line":25},"2":{"name":"(anonymous_2)","decl":{"start":{"line":34,"column":23},"end":{"line":34,"column":24}},"loc":{"start":{"line":34,"column":35},"end":{"line":38,"column":3}},"line":34},"3":{"name":"(anonymous_3)","decl":{"start":{"line":35,"column":35},"end":{"line":35,"column":36}},"loc":{"start":{"line":35,"column":47},"end":{"line":37,"column":5}},"line":35},"4":{"name":"(anonymous_4)","decl":{"start":{"line":40,"column":37},"end":{"line":40,"column":38}},"loc":{"start":{"line":40,"column":49},"end":{"line":71,"column":3}},"line":40},"5":{"name":"(anonymous_5)","decl":{"start":{"line":41,"column":56},"end":{"line":41,"column":57}},"loc":{"start":{"line":41,"column":68},"end":{"line":45,"column":5}},"line":41},"6":{"name":"(anonymous_6)","decl":{"start":{"line":46,"column":47},"end":{"line":46,"column":48}},"loc":{"start":{"line":46,"column":59},"end":{"line":51,"column":5}},"line":46},"7":{"name":"(anonymous_7)","decl":{"start":{"line":52,"column":54},"end":{"line":52,"column":55}},"loc":{"start":{"line":52,"column":66},"end":{"line":58,"column":5}},"line":52}},"branchMap":{"0":{"loc":{"start":{"line":15,"column":46},"end":{"line":15,"column":92}},"type":"cond-expr","locations":[{"start":{"line":15,"column":70},"end":{"line":15,"column":73}},{"start":{"line":15,"column":76},"end":{"line":15,"column":92}}],"line":15},"1":{"loc":{"start":{"line":15,"column":46},"end":{"line":15,"column":67}},"type":"binary-expr","locations":[{"start":{"line":15,"column":46},"end":{"line":15,"column":49}},{"start":{"line":15,"column":53},"end":{"line":15,"column":67}}],"line":15}},"s":{"0":1,"1":1,"2":1,"3":1,"4":1,"5":1,"6":3,"7":1,"8":1,"9":1,"10":1,"11":1,"12":1,"13":1,"14":1,"15":1,"16":1,"17":1,"18":1,"19":1,"20":1,"21":1,"22":1,"23":1,"24":1,"25":1,"26":1,"27":1},"f":{"0":3,"1":1,"2":1,"3":1,"4":1,"5":1,"6":1,"7":1},"b":{"0":[1,2],"1":[3,3]},"_coverageSchema":"332fd63041d2c1bcb487cc26dd0d5f7d97098a6c","hash":"2bc117f6091db7b14d1cdf911056ee8875746439","contentHash":"3f6523e033e80e93ec10abb391c41482_11.1.0"},"/Users/andeladeveloper/Documents/Node_Project/PostIt/server/test/userControllerTest.js":{"path":"/Users/andeladeveloper/Documents/Node_Project/PostIt/server/test/userControllerTest.js","statementMap":{"0":{"start":{"line":3,"column":17},"end":{"line":3,"column":37}},"1":{"start":{"line":5,"column":18},"end":{"line":5,"column":52}},"2":{"start":{"line":7,"column":12},"end":{"line":7,"column":27}},"3":{"start":{"line":9,"column":13},"end":{"line":9,"column":42}},"4":{"start":{"line":11,"column":16},"end":{"line":11,"column":36}},"5":{"start":{"line":13,"column":17},"end":{"line":13,"column":50}},"6":{"start":{"line":15,"column":14},"end":{"line":15,"column":34}},"7":{"start":{"line":17,"column":11},"end":{"line":17,"column":28}},"8":{"start":{"line":19,"column":12},"end":{"line":19,"column":40}},"9":{"start":{"line":21,"column":39},"end":{"line":21,"column":93}},"10":{"start":{"line":24,"column":0},"end":{"line":24,"column":30}},"11":{"start":{"line":27,"column":13},"end":{"line":27,"column":53}},"12":{"start":{"line":28,"column":13},"end":{"line":28,"column":36}},"13":{"start":{"line":30,"column":0},"end":{"line":30,"column":39}},"14":{"start":{"line":32,"column":0},"end":{"line":163,"column":3}},"15":{"start":{"line":33,"column":2},"end":{"line":40,"column":5}},"16":{"start":{"line":35,"column":4},"end":{"line":39,"column":7}},"17":{"start":{"line":36,"column":6},"end":{"line":36,"column":13}},"18":{"start":{"line":38,"column":6},"end":{"line":38,"column":18}},"19":{"start":{"line":42,"column":2},"end":{"line":72,"column":5}},"20":{"start":{"line":44,"column":4},"end":{"line":71,"column":7}},"21":{"start":{"line":45,"column":6},"end":{"line":58,"column":9}},"22":{"start":{"line":46,"column":8},"end":{"line":57,"column":11}},"23":{"start":{"line":51,"column":10},"end":{"line":51,"column":38}},"24":{"start":{"line":52,"column":10},"end":{"line":52,"column":41}},"25":{"start":{"line":53,"column":10},"end":{"line":53,"column":38}},"26":{"start":{"line":54,"column":10},"end":{"line":54,"column":84}},"27":{"start":{"line":55,"column":10},"end":{"line":55,"column":61}},"28":{"start":{"line":56,"column":10},"end":{"line":56,"column":17}},"29":{"start":{"line":60,"column":6},"end":{"line":70,"column":9}},"30":{"start":{"line":61,"column":8},"end":{"line":69,"column":11}},"31":{"start":{"line":65,"column":10},"end":{"line":65,"column":38}},"32":{"start":{"line":66,"column":10},"end":{"line":66,"column":82}},"33":{"start":{"line":67,"column":10},"end":{"line":67,"column":62}},"34":{"start":{"line":68,"column":10},"end":{"line":68,"column":17}},"35":{"start":{"line":74,"column":2},"end":{"line":139,"column":5}},"36":{"start":{"line":75,"column":16},"end":{"line":75,"column":18}},"37":{"start":{"line":76,"column":4},"end":{"line":85,"column":7}},"38":{"start":{"line":77,"column":6},"end":{"line":84,"column":9}},"39":{"start":{"line":80,"column":8},"end":{"line":80,"column":31}},"40":{"start":{"line":81,"column":8},"end":{"line":81,"column":36}},"41":{"start":{"line":82,"column":8},"end":{"line":82,"column":39}},"42":{"start":{"line":83,"column":8},"end":{"line":83,"column":15}},"43":{"start":{"line":87,"column":4},"end":{"line":98,"column":7}},"44":{"start":{"line":88,"column":6},"end":{"line":97,"column":9}},"45":{"start":{"line":91,"column":8},"end":{"line":91,"column":36}},"46":{"start":{"line":92,"column":8},"end":{"line":92,"column":47}},"47":{"start":{"line":93,"column":8},"end":{"line":93,"column":59}},"48":{"start":{"line":94,"column":8},"end":{"line":94,"column":79}},"49":{"start":{"line":95,"column":8},"end":{"line":95,"column":62}},"50":{"start":{"line":96,"column":8},"end":{"line":96,"column":15}},"51":{"start":{"line":101,"column":4},"end":{"line":109,"column":7}},"52":{"start":{"line":102,"column":6},"end":{"line":108,"column":9}},"53":{"start":{"line":105,"column":8},"end":{"line":105,"column":36}},"54":{"start":{"line":106,"column":8},"end":{"line":106,"column":92}},"55":{"start":{"line":107,"column":8},"end":{"line":107,"column":15}},"56":{"start":{"line":110,"column":4},"end":{"line":121,"column":7}},"57":{"start":{"line":111,"column":6},"end":{"line":120,"column":9}},"58":{"start":{"line":114,"column":8},"end":{"line":114,"column":36}},"59":{"start":{"line":115,"column":8},"end":{"line":115,"column":48}},"60":{"start":{"line":116,"column":8},"end":{"line":116,"column":50}},"61":{"start":{"line":117,"column":8},"end":{"line":117,"column":47}},"62":{"start":{"line":118,"column":8},"end":{"line":118,"column":47}},"63":{"start":{"line":119,"column":8},"end":{"line":119,"column":15}},"64":{"start":{"line":122,"column":4},"end":{"line":130,"column":7}},"65":{"start":{"line":123,"column":6},"end":{"line":129,"column":9}},"66":{"start":{"line":126,"column":8},"end":{"line":126,"column":36}},"67":{"start":{"line":127,"column":8},"end":{"line":127,"column":71}},"68":{"start":{"line":128,"column":8},"end":{"line":128,"column":15}},"69":{"start":{"line":131,"column":4},"end":{"line":138,"column":7}},"70":{"start":{"line":132,"column":6},"end":{"line":137,"column":9}},"71":{"start":{"line":135,"column":8},"end":{"line":135,"column":36}},"72":{"start":{"line":136,"column":8},"end":{"line":136,"column":15}},"73":{"start":{"line":141,"column":2},"end":{"line":162,"column":5}},"74":{"start":{"line":142,"column":16},"end":{"line":142,"column":37}},"75":{"start":{"line":143,"column":4},"end":{"line":152,"column":7}},"76":{"start":{"line":144,"column":6},"end":{"line":151,"column":9}},"77":{"start":{"line":147,"column":8},"end":{"line":147,"column":36}},"78":{"start":{"line":148,"column":8},"end":{"line":148,"column":39}},"79":{"start":{"line":149,"column":8},"end":{"line":149,"column":85}},"80":{"start":{"line":150,"column":8},"end":{"line":150,"column":15}},"81":{"start":{"line":153,"column":4},"end":{"line":161,"column":7}},"82":{"start":{"line":154,"column":25},"end":{"line":154,"column":47}},"83":{"start":{"line":155,"column":6},"end":{"line":160,"column":9}},"84":{"start":{"line":156,"column":8},"end":{"line":156,"column":36}},"85":{"start":{"line":157,"column":8},"end":{"line":157,"column":39}},"86":{"start":{"line":158,"column":8},"end":{"line":158,"column":72}},"87":{"start":{"line":159,"column":8},"end":{"line":159,"column":15}}},"fnMap":{"0":{"name":"_interopRequireDefault","decl":{"start":{"line":21,"column":9},"end":{"line":21,"column":31}},"loc":{"start":{"line":21,"column":37},"end":{"line":21,"column":95}},"line":21},"1":{"name":"(anonymous_1)","decl":{"start":{"line":32,"column":18},"end":{"line":32,"column":19}},"loc":{"start":{"line":32,"column":30},"end":{"line":163,"column":1}},"line":32},"2":{"name":"(anonymous_2)","decl":{"start":{"line":33,"column":9},"end":{"line":33,"column":10}},"loc":{"start":{"line":33,"column":25},"end":{"line":40,"column":3}},"line":33},"3":{"name":"(anonymous_3)","decl":{"start":{"line":35,"column":45},"end":{"line":35,"column":46}},"loc":{"start":{"line":35,"column":57},"end":{"line":37,"column":5}},"line":35},"4":{"name":"(anonymous_4)","decl":{"start":{"line":37,"column":13},"end":{"line":37,"column":14}},"loc":{"start":{"line":37,"column":30},"end":{"line":39,"column":5}},"line":37},"5":{"name":"(anonymous_5)","decl":{"start":{"line":42,"column":32},"end":{"line":42,"column":33}},"loc":{"start":{"line":42,"column":44},"end":{"line":72,"column":3}},"line":42},"6":{"name":"(anonymous_6)","decl":{"start":{"line":44,"column":23},"end":{"line":44,"column":24}},"loc":{"start":{"line":44,"column":35},"end":{"line":71,"column":5}},"line":44},"7":{"name":"(anonymous_7)","decl":{"start":{"line":45,"column":71},"end":{"line":45,"column":72}},"loc":{"start":{"line":45,"column":87},"end":{"line":58,"column":7}},"line":45},"8":{"name":"(anonymous_8)","decl":{"start":{"line":50,"column":34},"end":{"line":50,"column":35}},"loc":{"start":{"line":50,"column":54},"end":{"line":57,"column":9}},"line":50},"9":{"name":"(anonymous_9)","decl":{"start":{"line":60,"column":49},"end":{"line":60,"column":50}},"loc":{"start":{"line":60,"column":65},"end":{"line":70,"column":7}},"line":60},"10":{"name":"(anonymous_10)","decl":{"start":{"line":64,"column":34},"end":{"line":64,"column":35}},"loc":{"start":{"line":64,"column":54},"end":{"line":69,"column":9}},"line":64},"11":{"name":"(anonymous_11)","decl":{"start":{"line":74,"column":21},"end":{"line":74,"column":22}},"loc":{"start":{"line":74,"column":33},"end":{"line":139,"column":3}},"line":74},"12":{"name":"(anonymous_12)","decl":{"start":{"line":76,"column":62},"end":{"line":76,"column":63}},"loc":{"start":{"line":76,"column":78},"end":{"line":85,"column":5}},"line":76},"13":{"name":"(anonymous_13)","decl":{"start":{"line":79,"column":32},"end":{"line":79,"column":33}},"loc":{"start":{"line":79,"column":52},"end":{"line":84,"column":7}},"line":79},"14":{"name":"(anonymous_14)","decl":{"start":{"line":87,"column":74},"end":{"line":87,"column":75}},"loc":{"start":{"line":87,"column":90},"end":{"line":98,"column":5}},"line":87},"15":{"name":"(anonymous_15)","decl":{"start":{"line":90,"column":32},"end":{"line":90,"column":33}},"loc":{"start":{"line":90,"column":52},"end":{"line":97,"column":7}},"line":90},"16":{"name":"(anonymous_16)","decl":{"start":{"line":101,"column":47},"end":{"line":101,"column":48}},"loc":{"start":{"line":101,"column":63},"end":{"line":109,"column":5}},"line":101},"17":{"name":"(anonymous_17)","decl":{"start":{"line":104,"column":32},"end":{"line":104,"column":33}},"loc":{"start":{"line":104,"column":52},"end":{"line":108,"column":7}},"line":104},"18":{"name":"(anonymous_18)","decl":{"start":{"line":110,"column":63},"end":{"line":110,"column":64}},"loc":{"start":{"line":110,"column":79},"end":{"line":121,"column":5}},"line":110},"19":{"name":"(anonymous_19)","decl":{"start":{"line":113,"column":32},"end":{"line":113,"column":33}},"loc":{"start":{"line":113,"column":52},"end":{"line":120,"column":7}},"line":113},"20":{"name":"(anonymous_20)","decl":{"start":{"line":122,"column":100},"end":{"line":122,"column":101}},"loc":{"start":{"line":122,"column":116},"end":{"line":130,"column":5}},"line":122},"21":{"name":"(anonymous_21)","decl":{"start":{"line":125,"column":33},"end":{"line":125,"column":34}},"loc":{"start":{"line":125,"column":53},"end":{"line":129,"column":7}},"line":125},"22":{"name":"(anonymous_22)","decl":{"start":{"line":131,"column":86},"end":{"line":131,"column":87}},"loc":{"start":{"line":131,"column":102},"end":{"line":138,"column":5}},"line":131},"23":{"name":"(anonymous_23)","decl":{"start":{"line":134,"column":32},"end":{"line":134,"column":33}},"loc":{"start":{"line":134,"column":52},"end":{"line":137,"column":7}},"line":134},"24":{"name":"(anonymous_24)","decl":{"start":{"line":141,"column":30},"end":{"line":141,"column":31}},"loc":{"start":{"line":141,"column":42},"end":{"line":162,"column":3}},"line":141},"25":{"name":"(anonymous_25)","decl":{"start":{"line":143,"column":95},"end":{"line":143,"column":96}},"loc":{"start":{"line":143,"column":111},"end":{"line":152,"column":5}},"line":143},"26":{"name":"(anonymous_26)","decl":{"start":{"line":146,"column":39},"end":{"line":146,"column":40}},"loc":{"start":{"line":146,"column":59},"end":{"line":151,"column":7}},"line":146},"27":{"name":"(anonymous_27)","decl":{"start":{"line":153,"column":90},"end":{"line":153,"column":91}},"loc":{"start":{"line":153,"column":106},"end":{"line":161,"column":5}},"line":153},"28":{"name":"(anonymous_28)","decl":{"start":{"line":155,"column":64},"end":{"line":155,"column":65}},"loc":{"start":{"line":155,"column":84},"end":{"line":160,"column":7}},"line":155}},"branchMap":{"0":{"loc":{"start":{"line":21,"column":46},"end":{"line":21,"column":92}},"type":"cond-expr","locations":[{"start":{"line":21,"column":70},"end":{"line":21,"column":73}},{"start":{"line":21,"column":76},"end":{"line":21,"column":92}}],"line":21},"1":{"loc":{"start":{"line":21,"column":46},"end":{"line":21,"column":67}},"type":"binary-expr","locations":[{"start":{"line":21,"column":46},"end":{"line":21,"column":49}},{"start":{"line":21,"column":53},"end":{"line":21,"column":67}}],"line":21}},"s":{"0":1,"1":1,"2":1,"3":1,"4":1,"5":1,"6":1,"7":1,"8":1,"9":4,"10":1,"11":1,"12":1,"13":1,"14":1,"15":1,"16":1,"17":1,"18":0,"19":1,"20":1,"21":1,"22":1,"23":1,"24":1,"25":1,"26":1,"27":1,"28":1,"29":1,"30":1,"31":1,"32":1,"33":1,"34":1,"35":1,"36":1,"37":1,"38":1,"39":1,"40":1,"41":1,"42":1,"43":1,"44":1,"45":1,"46":1,"47":1,"48":1,"49":1,"50":1,"51":1,"52":1,"53":1,"54":1,"55":1,"56":1,"57":1,"58":1,"59":1,"60":1,"61":1,"62":1,"63":1,"64":1,"65":1,"66":1,"67":1,"68":1,"69":1,"70":1,"71":1,"72":1,"73":1,"74":1,"75":1,"76":1,"77":1,"78":1,"79":1,"80":1,"81":1,"82":1,"83":1,"84":1,"85":1,"86":1,"87":1},"f":{"0":4,"1":1,"2":1,"3":1,"4":0,"5":1,"6":1,"7":1,"8":1,"9":1,"10":1,"11":1,"12":1,"13":1,"14":1,"15":1,"16":1,"17":1,"18":1,"19":1,"20":1,"21":1,"22":1,"23":1,"24":1,"25":1,"26":1,"27":1,"28":1},"b":{"0":[1,3],"1":[4,4]},"_coverageSchema":"332fd63041d2c1bcb487cc26dd0d5f7d97098a6c","hash":"1d28ba174aed518c213f7010259386054669efc8","contentHash":"3be01813b5ddd2f2551b92d0c69243cc_11.1.0"}}